{"/home/travis/build/npmtest/node-npmtest-universal-webpack/test.js":{"path":"/home/travis/build/npmtest/node-npmtest-universal-webpack/test.js","s":{"1":2,"2":2,"3":2,"4":2,"5":2,"6":2,"7":2,"8":1,"9":2,"10":2,"11":1,"12":1,"13":1,"14":1,"15":2,"16":2,"17":2,"18":2,"19":1,"20":1,"21":2,"22":2,"23":2,"24":1,"25":1,"26":1,"27":1,"28":1,"29":1,"30":1,"31":1,"32":1,"33":1,"34":1,"35":1,"36":1,"37":1,"38":1,"39":2,"40":2,"41":1,"42":2,"43":2,"44":1,"45":2,"46":2,"47":1,"48":2,"49":2,"50":1,"51":1,"52":1,"53":1,"54":1},"b":{"1":[2,1,1,1],"2":[1,1,1,1],"3":[1,1],"4":[1,1],"5":[1,1],"6":[1,1],"7":[1,1],"8":[1,1],"9":[1,1],"10":[1,1,1],"11":[1,1],"12":[1,1],"13":[1,1],"14":[1,1],"15":[1,1],"16":[1,1],"17":[1,1]},"f":{"1":2,"2":2,"3":2,"4":2,"5":2,"6":1,"7":1,"8":1,"9":2,"10":2,"11":2,"12":2,"13":1},"fnMap":{"1":{"name":"(anonymous_1)","line":12,"loc":{"start":{"line":12,"column":1},"end":{"line":12,"column":13}}},"2":{"name":"(anonymous_2)","line":19,"loc":{"start":{"line":19,"column":5},"end":{"line":19,"column":17}}},"3":{"name":"(anonymous_3)","line":23,"loc":{"start":{"line":23,"column":24},"end":{"line":23,"column":36}}},"4":{"name":"(anonymous_4)","line":61,"loc":{"start":{"line":61,"column":5},"end":{"line":61,"column":17}}},"5":{"name":"(anonymous_5)","line":82,"loc":{"start":{"line":82,"column":5},"end":{"line":82,"column":17}}},"6":{"name":"(anonymous_6)","line":91,"loc":{"start":{"line":91,"column":77},"end":{"line":94,"column":10}}},"7":{"name":"(anonymous_7)","line":112,"loc":{"start":{"line":112,"column":83},"end":{"line":115,"column":10}},"skip":true},"8":{"name":"(anonymous_8)","line":123,"loc":{"start":{"line":123,"column":77},"end":{"line":126,"column":10}},"skip":true},"9":{"name":"(anonymous_9)","line":139,"loc":{"start":{"line":139,"column":12},"end":{"line":139,"column":40}},"skip":true},"10":{"name":"(anonymous_10)","line":147,"loc":{"start":{"line":147,"column":77},"end":{"line":150,"column":10}},"skip":true},"11":{"name":"(anonymous_11)","line":158,"loc":{"start":{"line":158,"column":83},"end":{"line":161,"column":10}},"skip":true},"12":{"name":"(anonymous_12)","line":169,"loc":{"start":{"line":169,"column":79},"end":{"line":172,"column":10}},"skip":true},"13":{"name":"(anonymous_13)","line":180,"loc":{"start":{"line":180,"column":75},"end":{"line":183,"column":10}},"skip":true}},"statementMap":{"1":{"start":{"line":12,"column":0},"end":{"line":195,"column":5}},"2":{"start":{"line":14,"column":4},"end":{"line":14,"column":14}},"3":{"start":{"line":19,"column":4},"end":{"line":56,"column":9}},"4":{"start":{"line":21,"column":8},"end":{"line":21,"column":19}},"5":{"start":{"line":23,"column":8},"end":{"line":35,"column":13}},"6":{"start":{"line":24,"column":12},"end":{"line":34,"column":13}},"7":{"start":{"line":25,"column":16},"end":{"line":28,"column":30}},"8":{"start":{"line":30,"column":16},"end":{"line":33,"column":27}},"9":{"start":{"line":37,"column":8},"end":{"line":39,"column":21}},"10":{"start":{"line":40,"column":8},"end":{"line":53,"column":9}},"11":{"start":{"line":43,"column":12},"end":{"line":46,"column":14}},"12":{"start":{"line":47,"column":12},"end":{"line":47,"column":18}},"13":{"start":{"line":50,"column":12},"end":{"line":51,"column":33}},"14":{"start":{"line":52,"column":12},"end":{"line":52,"column":18}},"15":{"start":{"line":55,"column":8},"end":{"line":55,"column":35}},"16":{"start":{"line":61,"column":4},"end":{"line":63,"column":9}},"17":{"start":{"line":62,"column":8},"end":{"line":62,"column":15}},"18":{"start":{"line":64,"column":4},"end":{"line":77,"column":5}},"19":{"start":{"line":70,"column":8},"end":{"line":70,"column":14}},"20":{"start":{"line":76,"column":8},"end":{"line":76,"column":14}},"21":{"start":{"line":82,"column":4},"end":{"line":84,"column":9}},"22":{"start":{"line":83,"column":8},"end":{"line":83,"column":15}},"23":{"start":{"line":85,"column":4},"end":{"line":194,"column":5}},"24":{"start":{"line":91,"column":8},"end":{"line":99,"column":10}},"25":{"start":{"line":98,"column":12},"end":{"line":98,"column":35}},"26":{"start":{"line":102,"column":8},"end":{"line":104,"column":63}},"27":{"start":{"line":105,"column":8},"end":{"line":105,"column":14}},"28":{"start":{"line":112,"column":8},"end":{"line":121,"column":10},"skip":true},"29":{"start":{"line":119,"column":12},"end":{"line":119,"column":55},"skip":true},"30":{"start":{"line":120,"column":12},"end":{"line":120,"column":48},"skip":true},"31":{"start":{"line":123,"column":8},"end":{"line":136,"column":10},"skip":true},"32":{"start":{"line":130,"column":12},"end":{"line":130,"column":76},"skip":true},"33":{"start":{"line":131,"column":12},"end":{"line":131,"column":73},"skip":true},"34":{"start":{"line":132,"column":12},"end":{"line":132,"column":74},"skip":true},"35":{"start":{"line":133,"column":12},"end":{"line":133,"column":79},"skip":true},"36":{"start":{"line":134,"column":12},"end":{"line":134,"column":25},"skip":true},"37":{"start":{"line":135,"column":12},"end":{"line":135,"column":45},"skip":true},"38":{"start":{"line":138,"column":8},"end":{"line":145,"column":14},"skip":true},"39":{"start":{"line":143,"column":16},"end":{"line":143,"column":29},"skip":true},"40":{"start":{"line":144,"column":16},"end":{"line":144,"column":55},"skip":true},"41":{"start":{"line":147,"column":8},"end":{"line":156,"column":10},"skip":true},"42":{"start":{"line":154,"column":12},"end":{"line":154,"column":25},"skip":true},"43":{"start":{"line":155,"column":12},"end":{"line":155,"column":45},"skip":true},"44":{"start":{"line":158,"column":8},"end":{"line":167,"column":10},"skip":true},"45":{"start":{"line":165,"column":12},"end":{"line":165,"column":25},"skip":true},"46":{"start":{"line":166,"column":12},"end":{"line":166,"column":48},"skip":true},"47":{"start":{"line":169,"column":8},"end":{"line":178,"column":10},"skip":true},"48":{"start":{"line":176,"column":12},"end":{"line":176,"column":25},"skip":true},"49":{"start":{"line":177,"column":12},"end":{"line":177,"column":46},"skip":true},"50":{"start":{"line":180,"column":8},"end":{"line":189,"column":10},"skip":true},"51":{"start":{"line":187,"column":12},"end":{"line":187,"column":94},"skip":true},"52":{"start":{"line":188,"column":12},"end":{"line":188,"column":48},"skip":true},"53":{"start":{"line":192,"column":8},"end":{"line":192,"column":35},"skip":true},"54":{"start":{"line":193,"column":8},"end":{"line":193,"column":14},"skip":true}},"branchMap":{"1":{"line":25,"type":"binary-expr","locations":[{"start":{"line":25,"column":23},"end":{"line":25,"column":62}},{"start":{"line":26,"column":20},"end":{"line":26,"column":70}},{"start":{"line":27,"column":20},"end":{"line":27,"column":71}},{"start":{"line":28,"column":20},"end":{"line":28,"column":29}}]},"2":{"line":30,"type":"binary-expr","locations":[{"start":{"line":30,"column":23},"end":{"line":30,"column":37}},{"start":{"line":31,"column":20},"end":{"line":31,"column":61}},{"start":{"line":32,"column":20},"end":{"line":32,"column":70}},{"start":{"line":33,"column":20},"end":{"line":33,"column":26}}]},"3":{"line":37,"type":"cond-expr","locations":[{"start":{"line":38,"column":14},"end":{"line":38,"column":20}},{"start":{"line":39,"column":14},"end":{"line":39,"column":20}}]},"4":{"line":40,"type":"switch","locations":[{"start":{"line":42,"column":8},"end":{"line":47,"column":18}},{"start":{"line":49,"column":8},"end":{"line":52,"column":18}}]},"5":{"line":44,"type":"binary-expr","locations":[{"start":{"line":44,"column":16},"end":{"line":44,"column":44}},{"start":{"line":44,"column":48},"end":{"line":44,"column":66}}]},"6":{"line":50,"type":"binary-expr","locations":[{"start":{"line":50,"column":21},"end":{"line":50,"column":49}},{"start":{"line":50,"column":53},"end":{"line":50,"column":72}}]},"7":{"line":64,"type":"switch","locations":[{"start":{"line":69,"column":4},"end":{"line":70,"column":14}},{"start":{"line":75,"column":4},"end":{"line":76,"column":14}}]},"8":{"line":85,"type":"switch","locations":[{"start":{"line":90,"column":4},"end":{"line":105,"column":14}},{"start":{"line":111,"column":4},"end":{"line":193,"column":14},"skip":true}]},"9":{"line":91,"type":"binary-expr","locations":[{"start":{"line":91,"column":42},"end":{"line":91,"column":73}},{"start":{"line":91,"column":77},"end":{"line":99,"column":9}}]},"10":{"line":102,"type":"binary-expr","locations":[{"start":{"line":102,"column":18},"end":{"line":102,"column":32}},{"start":{"line":103,"column":12},"end":{"line":103,"column":53}},{"start":{"line":104,"column":12},"end":{"line":104,"column":61}}]},"11":{"line":112,"type":"binary-expr","locations":[{"start":{"line":112,"column":45},"end":{"line":112,"column":79},"skip":true},{"start":{"line":112,"column":83},"end":{"line":121,"column":9},"skip":true}]},"12":{"line":123,"type":"binary-expr","locations":[{"start":{"line":123,"column":42},"end":{"line":123,"column":73},"skip":true},{"start":{"line":123,"column":77},"end":{"line":136,"column":9},"skip":true}]},"13":{"line":138,"type":"binary-expr","locations":[{"start":{"line":138,"column":48},"end":{"line":138,"column":85},"skip":true},{"start":{"line":139,"column":12},"end":{"line":145,"column":13},"skip":true}]},"14":{"line":147,"type":"binary-expr","locations":[{"start":{"line":147,"column":42},"end":{"line":147,"column":73},"skip":true},{"start":{"line":147,"column":77},"end":{"line":156,"column":9},"skip":true}]},"15":{"line":158,"type":"binary-expr","locations":[{"start":{"line":158,"column":45},"end":{"line":158,"column":79},"skip":true},{"start":{"line":158,"column":83},"end":{"line":167,"column":9},"skip":true}]},"16":{"line":169,"type":"binary-expr","locations":[{"start":{"line":169,"column":43},"end":{"line":169,"column":75},"skip":true},{"start":{"line":169,"column":79},"end":{"line":178,"column":9},"skip":true}]},"17":{"line":180,"type":"binary-expr","locations":[{"start":{"line":180,"column":41},"end":{"line":180,"column":71},"skip":true},{"start":{"line":180,"column":75},"end":{"line":189,"column":9},"skip":true}]}},"code":["/* istanbul instrument in package npmtest_universal_webpack */","/*jslint","    bitwise: true,","    browser: true,","    maxerr: 8,","    maxlen: 96,","    node: true,","    nomen: true,","    regexp: true,","    stupid: true","*/","(function () {","    'use strict';","    var local;","","","","    // run shared js-env code - pre-init","    (function () {","        // init local","        local = {};","        // init modeJs","        local.modeJs = (function () {","            try {","                return typeof navigator.userAgent === 'string' &&","                    typeof document.querySelector('body') === 'object' &&","                    typeof XMLHttpRequest.prototype.open === 'function' &&","                    'browser';","            } catch (errorCaughtBrowser) {","                return module.exports &&","                    typeof process.versions.node === 'string' &&","                    typeof require('http').createServer === 'function' &&","                    'node';","            }","        }());","        // init global","        local.global = local.modeJs === 'browser'","            ? window","            : global;","        switch (local.modeJs) {","        // re-init local from window.local","        case 'browser':","            local = local.global.utility2.objectSetDefault(","                local.global.utility2_rollup || local.global.local,","                local.global.utility2","            );","            break;","        // re-init local from example.js","        case 'node':","            local = (local.global.utility2_rollup || require('utility2'))","                .requireReadme();","            break;","        }","        // export local","        local.global.local = local;","    }());","","","","    // run shared js-env code - function","    (function () {","        return;","    }());","    switch (local.modeJs) {","","","","    // run browser js-env code - function","    case 'browser':","        break;","","","","    // run node js-env code - function","    case 'node':","        break;","    }","","","","    // run shared js-env code - post-init","    (function () {","        return;","    }());","    switch (local.modeJs) {","","","","    // run browser js-env code - post-init","    case 'browser':","        local.testCase_browser_nullCase = local.testCase_browser_nullCase || function (","            options,","            onError","        ) {","        /*","         * this function will test browsers's null-case handling-behavior-behavior","         */","            onError(null, options);","        };","","        // run tests","        local.nop(local.modeTest &&","            document.querySelector('#testRunButton1') &&","            document.querySelector('#testRunButton1').click());","        break;","","","","    // run node js-env code - post-init","    /* istanbul ignore next */","    case 'node':","        local.testCase_buildApidoc_default = local.testCase_buildApidoc_default || function (","            options,","            onError","        ) {","        /*","         * this function will test buildApidoc's default handling-behavior-behavior","         */","            options = { modulePathList: module.paths };","            local.buildApidoc(options, onError);","        };","","        local.testCase_buildApp_default = local.testCase_buildApp_default || function (","            options,","            onError","        ) {","        /*","         * this function will test buildApp's default handling-behavior-behavior","         */","            local.testCase_buildReadme_default(options, local.onErrorThrow);","            local.testCase_buildLib_default(options, local.onErrorThrow);","            local.testCase_buildTest_default(options, local.onErrorThrow);","            local.testCase_buildCustomOrg_default(options, local.onErrorThrow);","            options = [];","            local.buildApp(options, onError);","        };","","        local.testCase_buildCustomOrg_default = local.testCase_buildCustomOrg_default ||","            function (options, onError) {","            /*","             * this function will test buildCustomOrg's default handling-behavior","             */","                options = {};","                local.buildCustomOrg(options, onError);","            };","","        local.testCase_buildLib_default = local.testCase_buildLib_default || function (","            options,","            onError","        ) {","        /*","         * this function will test buildLib's default handling-behavior","         */","            options = {};","            local.buildLib(options, onError);","        };","","        local.testCase_buildReadme_default = local.testCase_buildReadme_default || function (","            options,","            onError","        ) {","        /*","         * this function will test buildReadme's default handling-behavior-behavior","         */","            options = {};","            local.buildReadme(options, onError);","        };","","        local.testCase_buildTest_default = local.testCase_buildTest_default || function (","            options,","            onError","        ) {","        /*","         * this function will test buildTest's default handling-behavior","         */","            options = {};","            local.buildTest(options, onError);","        };","","        local.testCase_webpage_default = local.testCase_webpage_default || function (","            options,","            onError","        ) {","        /*","         * this function will test webpage's default handling-behavior","         */","            options = { modeCoverageMerge: true, url: local.serverLocalHost + '?modeTest=1' };","            local.browserTest(options, onError);","        };","","        // run test-server","        local.testRunServer(local);","        break;","    }","}());",""],"l":{"12":2,"14":2,"19":2,"21":2,"23":2,"24":2,"25":2,"30":1,"37":2,"40":2,"43":1,"47":1,"50":1,"52":1,"55":2,"61":2,"62":2,"64":2,"70":1,"76":1,"82":2,"83":2,"85":2,"91":1,"98":1,"102":1,"105":1,"112":1,"119":1,"120":1,"123":1,"130":1,"131":1,"132":1,"133":1,"134":1,"135":1,"138":1,"143":2,"144":2,"147":1,"154":2,"155":2,"158":1,"165":2,"166":2,"169":1,"176":2,"177":2,"180":1,"187":1,"188":1,"192":1,"193":1}},"/home/travis/build/npmtest/node-npmtest-universal-webpack/lib.npmtest_universal_webpack.js":{"path":"/home/travis/build/npmtest/node-npmtest-universal-webpack/lib.npmtest_universal_webpack.js","s":{"1":2,"2":2,"3":2,"4":2,"5":2,"6":2,"7":2,"8":1,"9":2,"10":2,"11":2,"12":2,"13":1,"14":1,"15":1,"16":1},"b":{"1":[2,1,1,1],"2":[1,1,1,1],"3":[1,1],"4":[2,2],"5":[1,1]},"f":{"1":2,"2":2,"3":2},"fnMap":{"1":{"name":"(anonymous_1)","line":12,"loc":{"start":{"line":12,"column":1},"end":{"line":12,"column":13}}},"2":{"name":"(anonymous_2)","line":19,"loc":{"start":{"line":19,"column":5},"end":{"line":19,"column":17}}},"3":{"name":"(anonymous_3)","line":23,"loc":{"start":{"line":23,"column":24},"end":{"line":23,"column":36}}}},"statementMap":{"1":{"start":{"line":12,"column":0},"end":{"line":53,"column":5}},"2":{"start":{"line":14,"column":4},"end":{"line":14,"column":14}},"3":{"start":{"line":19,"column":4},"end":{"line":52,"column":9}},"4":{"start":{"line":21,"column":8},"end":{"line":21,"column":19}},"5":{"start":{"line":23,"column":8},"end":{"line":35,"column":13}},"6":{"start":{"line":24,"column":12},"end":{"line":34,"column":13}},"7":{"start":{"line":25,"column":16},"end":{"line":28,"column":30}},"8":{"start":{"line":30,"column":16},"end":{"line":33,"column":27}},"9":{"start":{"line":37,"column":8},"end":{"line":39,"column":21}},"10":{"start":{"line":41,"column":8},"end":{"line":41,"column":54}},"11":{"start":{"line":43,"column":8},"end":{"line":43,"column":62}},"12":{"start":{"line":45,"column":8},"end":{"line":51,"column":9}},"13":{"start":{"line":46,"column":12},"end":{"line":46,"column":68}},"14":{"start":{"line":48,"column":12},"end":{"line":48,"column":35}},"15":{"start":{"line":49,"column":12},"end":{"line":49,"column":49}},"16":{"start":{"line":50,"column":12},"end":{"line":50,"column":43}}},"branchMap":{"1":{"line":25,"type":"binary-expr","locations":[{"start":{"line":25,"column":23},"end":{"line":25,"column":62}},{"start":{"line":26,"column":20},"end":{"line":26,"column":70}},{"start":{"line":27,"column":20},"end":{"line":27,"column":71}},{"start":{"line":28,"column":20},"end":{"line":28,"column":29}}]},"2":{"line":30,"type":"binary-expr","locations":[{"start":{"line":30,"column":23},"end":{"line":30,"column":37}},{"start":{"line":31,"column":20},"end":{"line":31,"column":61}},{"start":{"line":32,"column":20},"end":{"line":32,"column":70}},{"start":{"line":33,"column":20},"end":{"line":33,"column":26}}]},"3":{"line":37,"type":"cond-expr","locations":[{"start":{"line":38,"column":14},"end":{"line":38,"column":20}},{"start":{"line":39,"column":14},"end":{"line":39,"column":20}}]},"4":{"line":41,"type":"binary-expr","locations":[{"start":{"line":41,"column":16},"end":{"line":41,"column":44}},{"start":{"line":41,"column":48},"end":{"line":41,"column":53}}]},"5":{"line":45,"type":"if","locations":[{"start":{"line":45,"column":8},"end":{"line":45,"column":8}},{"start":{"line":45,"column":8},"end":{"line":45,"column":8}}]}},"code":["/* istanbul instrument in package npmtest_universal_webpack */","/*jslint","    bitwise: true,","    browser: true,","    maxerr: 8,","    maxlen: 96,","    node: true,","    nomen: true,","    regexp: true,","    stupid: true","*/","(function () {","    'use strict';","    var local;","","","","    // run shared js-env code - pre-init","    (function () {","        // init local","        local = {};","        // init modeJs","        local.modeJs = (function () {","            try {","                return typeof navigator.userAgent === 'string' &&","                    typeof document.querySelector('body') === 'object' &&","                    typeof XMLHttpRequest.prototype.open === 'function' &&","                    'browser';","            } catch (errorCaughtBrowser) {","                return module.exports &&","                    typeof process.versions.node === 'string' &&","                    typeof require('http').createServer === 'function' &&","                    'node';","            }","        }());","        // init global","        local.global = local.modeJs === 'browser'","            ? window","            : global;","        // init utility2_rollup","        local = local.global.utility2_rollup || local;","        // init lib","        local.local = local.npmtest_universal_webpack = local;","        // init exports","        if (local.modeJs === 'browser') {","            local.global.utility2_npmtest_universal_webpack = local;","        } else {","            module.exports = local;","            module.exports.__dirname = __dirname;","            module.exports.module = module;","        }","    }());","}());",""],"l":{"12":2,"14":2,"19":2,"21":2,"23":2,"24":2,"25":2,"30":1,"37":2,"41":2,"43":2,"45":2,"46":1,"48":1,"49":1,"50":1}},"/home/travis/build/npmtest/node-npmtest-universal-webpack/example.js":{"path":"/home/travis/build/npmtest/node-npmtest-universal-webpack/example.js","s":{"1":2,"2":2,"3":2,"4":2,"5":2,"6":2,"7":2,"8":1,"9":2,"10":2,"11":2,"12":2,"13":1,"14":2,"15":2,"16":2,"17":2,"18":2,"19":0,"20":2,"21":1,"22":1,"23":1,"24":1,"25":1,"26":0,"27":0,"28":1,"29":1,"30":2,"31":0,"32":0,"33":0,"34":1,"35":2,"36":2,"37":3,"38":3,"39":3,"40":3,"41":0,"42":3,"43":3,"44":3,"45":1,"46":3,"47":1,"48":1,"49":1,"50":1,"51":1,"52":1,"53":1,"54":1,"55":1,"56":1,"57":0,"58":1,"59":6,"60":6,"61":1,"62":2,"63":0,"64":2,"65":1,"66":1,"67":0,"68":0,"69":0,"70":0,"71":0,"72":0,"73":0,"74":0,"75":0,"76":0,"77":0,"78":0,"79":0,"80":0,"81":0,"82":0,"83":0},"b":{"1":[2,1,1,1],"2":[1,1,1,1],"3":[1,1],"4":[2,2],"5":[1,1],"6":[1,1],"7":[2,0],"8":[2,1,1,1,1,1],"9":[0,2,0],"10":[1,1],"11":[2,1,1],"12":[1,0],"13":[0,2],"14":[2,0,0,0,0,0,0],"15":[0,3],"16":[3,0],"17":[1,1],"18":[0,1],"19":[1,2,0,2],"20":[1,0],"21":[1,1],"22":[0,0],"23":[0,0],"24":[0,0],"25":[0,0],"26":[0,0],"27":[0,0],"28":[0,0]},"f":{"1":2,"2":2,"3":2,"4":2,"5":2,"6":2,"7":3,"8":3,"9":3,"10":1,"11":6,"12":0},"fnMap":{"1":{"name":"(anonymous_1)","line":26,"loc":{"start":{"line":26,"column":1},"end":{"line":26,"column":13}}},"2":{"name":"(anonymous_2)","line":33,"loc":{"start":{"line":33,"column":5},"end":{"line":33,"column":17}}},"3":{"name":"(anonymous_3)","line":37,"loc":{"start":{"line":37,"column":24},"end":{"line":37,"column":36}}},"4":{"name":"(anonymous_4)","line":69,"loc":{"start":{"line":69,"column":31},"end":{"line":69,"column":48}},"skip":true},"5":{"name":"(anonymous_5)","line":78,"loc":{"start":{"line":78,"column":26},"end":{"line":78,"column":45}},"skip":true},"6":{"name":"(anonymous_6)","line":123,"loc":{"start":{"line":123,"column":33},"end":{"line":123,"column":48}},"skip":true},"7":{"name":"(anonymous_7)","line":125,"loc":{"start":{"line":125,"column":27},"end":{"line":125,"column":39}},"skip":true},"8":{"name":"(anonymous_8)","line":133,"loc":{"start":{"line":133,"column":59},"end":{"line":133,"column":74}},"skip":true},"9":{"name":"(anonymous_9)","line":143,"loc":{"start":{"line":143,"column":45},"end":{"line":143,"column":62}},"skip":true},"10":{"name":"(anonymous_10)","line":144,"loc":{"start":{"line":144,"column":73},"end":{"line":144,"column":92}},"skip":true},"11":{"name":"(anonymous_11)","line":272,"loc":{"start":{"line":272,"column":51},"end":{"line":272,"column":77}},"skip":true},"12":{"name":"(anonymous_12)","line":315,"loc":{"start":{"line":315,"column":32},"end":{"line":315,"column":61}},"skip":true}},"statementMap":{"1":{"start":{"line":26,"column":0},"end":{"line":326,"column":5}},"2":{"start":{"line":28,"column":4},"end":{"line":28,"column":14}},"3":{"start":{"line":33,"column":4},"end":{"line":60,"column":9}},"4":{"start":{"line":35,"column":8},"end":{"line":35,"column":19}},"5":{"start":{"line":37,"column":8},"end":{"line":49,"column":13}},"6":{"start":{"line":38,"column":12},"end":{"line":48,"column":13}},"7":{"start":{"line":39,"column":16},"end":{"line":42,"column":30}},"8":{"start":{"line":44,"column":16},"end":{"line":47,"column":27}},"9":{"start":{"line":51,"column":8},"end":{"line":53,"column":21}},"10":{"start":{"line":55,"column":8},"end":{"line":57,"column":45}},"11":{"start":{"line":59,"column":8},"end":{"line":59,"column":35}},"12":{"start":{"line":61,"column":4},"end":{"line":325,"column":5}},"13":{"start":{"line":69,"column":8},"end":{"line":121,"column":10},"skip":true},"14":{"start":{"line":70,"column":12},"end":{"line":88,"column":13},"skip":true},"15":{"start":{"line":76,"column":16},"end":{"line":87,"column":19},"skip":true},"16":{"start":{"line":79,"column":20},"end":{"line":86,"column":21},"skip":true},"17":{"start":{"line":82,"column":24},"end":{"line":82,"column":43},"skip":true},"18":{"start":{"line":83,"column":24},"end":{"line":83,"column":30},"skip":true},"19":{"start":{"line":85,"column":24},"end":{"line":85,"column":49},"skip":true},"20":{"start":{"line":89,"column":12},"end":{"line":107,"column":13},"skip":true},"21":{"start":{"line":92,"column":16},"end":{"line":102,"column":17},"skip":true},"22":{"start":{"line":93,"column":20},"end":{"line":93,"column":86},"skip":true},"23":{"start":{"line":94,"column":20},"end":{"line":95,"column":45},"skip":true},"24":{"start":{"line":96,"column":20},"end":{"line":96,"column":42},"skip":true},"25":{"start":{"line":97,"column":20},"end":{"line":97,"column":48},"skip":true},"26":{"start":{"line":100,"column":20},"end":{"line":100,"column":85},"skip":true},"27":{"start":{"line":101,"column":20},"end":{"line":101,"column":96},"skip":true},"28":{"start":{"line":103,"column":16},"end":{"line":103,"column":22},"skip":true},"29":{"start":{"line":106,"column":16},"end":{"line":106,"column":22},"skip":true},"30":{"start":{"line":108,"column":12},"end":{"line":120,"column":13},"skip":true},"31":{"start":{"line":114,"column":16},"end":{"line":119,"column":17},"skip":true},"32":{"start":{"line":116,"column":20},"end":{"line":116,"column":78},"skip":true},"33":{"start":{"line":118,"column":20},"end":{"line":118,"column":47},"skip":true},"34":{"start":{"line":123,"column":8},"end":{"line":141,"column":11},"skip":true},"35":{"start":{"line":124,"column":12},"end":{"line":124,"column":54},"skip":true},"36":{"start":{"line":125,"column":12},"end":{"line":140,"column":14},"skip":true},"37":{"start":{"line":126,"column":16},"end":{"line":126,"column":28},"skip":true},"38":{"start":{"line":127,"column":16},"end":{"line":127,"column":69},"skip":true},"39":{"start":{"line":128,"column":16},"end":{"line":128,"column":75},"skip":true},"40":{"start":{"line":129,"column":16},"end":{"line":131,"column":17},"skip":true},"41":{"start":{"line":130,"column":20},"end":{"line":130,"column":27},"skip":true},"42":{"start":{"line":133,"column":16},"end":{"line":137,"column":36},"skip":true},"43":{"start":{"line":134,"column":20},"end":{"line":136,"column":55},"skip":true},"44":{"start":{"line":139,"column":16},"end":{"line":139,"column":57},"skip":true},"45":{"start":{"line":143,"column":8},"end":{"line":147,"column":11},"skip":true},"46":{"start":{"line":144,"column":12},"end":{"line":146,"column":15},"skip":true},"47":{"start":{"line":145,"column":16},"end":{"line":145,"column":70},"skip":true},"48":{"start":{"line":149,"column":8},"end":{"line":149,"column":31},"skip":true},"49":{"start":{"line":150,"column":8},"end":{"line":150,"column":14},"skip":true},"50":{"start":{"line":158,"column":8},"end":{"line":158,"column":31},"skip":true},"51":{"start":{"line":160,"column":8},"end":{"line":160,"column":33},"skip":true},"52":{"start":{"line":161,"column":8},"end":{"line":161,"column":37},"skip":true},"53":{"start":{"line":162,"column":8},"end":{"line":162,"column":35},"skip":true},"54":{"start":{"line":164,"column":8},"end":{"line":164,"column":50},"skip":true},"55":{"start":{"line":166,"column":8},"end":{"line":256,"column":2},"skip":true},"56":{"start":{"line":258,"column":8},"end":{"line":286,"column":9},"skip":true},"57":{"start":{"line":259,"column":12},"end":{"line":269,"column":14},"skip":true},"58":{"start":{"line":271,"column":12},"end":{"line":285,"column":19},"skip":true},"59":{"start":{"line":274,"column":20},"end":{"line":274,"column":35},"skip":true},"60":{"start":{"line":275,"column":20},"end":{"line":284,"column":21},"skip":true},"61":{"start":{"line":277,"column":24},"end":{"line":277,"column":64},"skip":true},"62":{"start":{"line":279,"column":24},"end":{"line":279,"column":40},"skip":true},"63":{"start":{"line":281,"column":24},"end":{"line":281,"column":40},"skip":true},"64":{"start":{"line":283,"column":24},"end":{"line":283,"column":39},"skip":true},"65":{"start":{"line":288,"column":8},"end":{"line":290,"column":9},"skip":true},"66":{"start":{"line":289,"column":12},"end":{"line":289,"column":18},"skip":true},"67":{"start":{"line":291,"column":8},"end":{"line":293,"column":54},"skip":true},"68":{"start":{"line":296,"column":8},"end":{"line":301,"column":37},"skip":true},"69":{"start":{"line":303,"column":8},"end":{"line":303,"column":82},"skip":true},"70":{"start":{"line":306,"column":8},"end":{"line":308,"column":9},"skip":true},"71":{"start":{"line":307,"column":12},"end":{"line":307,"column":82},"skip":true},"72":{"start":{"line":310,"column":8},"end":{"line":312,"column":9},"skip":true},"73":{"start":{"line":311,"column":12},"end":{"line":311,"column":18},"skip":true},"74":{"start":{"line":313,"column":8},"end":{"line":313,"column":54},"skip":true},"75":{"start":{"line":314,"column":8},"end":{"line":314,"column":69},"skip":true},"76":{"start":{"line":315,"column":8},"end":{"line":323,"column":36},"skip":true},"77":{"start":{"line":316,"column":12},"end":{"line":316,"column":61},"skip":true},"78":{"start":{"line":317,"column":12},"end":{"line":320,"column":13},"skip":true},"79":{"start":{"line":318,"column":16},"end":{"line":318,"column":75},"skip":true},"80":{"start":{"line":319,"column":16},"end":{"line":319,"column":23},"skip":true},"81":{"start":{"line":321,"column":12},"end":{"line":321,"column":38},"skip":true},"82":{"start":{"line":322,"column":12},"end":{"line":322,"column":27},"skip":true},"83":{"start":{"line":324,"column":8},"end":{"line":324,"column":14},"skip":true}},"branchMap":{"1":{"line":39,"type":"binary-expr","locations":[{"start":{"line":39,"column":23},"end":{"line":39,"column":62}},{"start":{"line":40,"column":20},"end":{"line":40,"column":70}},{"start":{"line":41,"column":20},"end":{"line":41,"column":71}},{"start":{"line":42,"column":20},"end":{"line":42,"column":29}}]},"2":{"line":44,"type":"binary-expr","locations":[{"start":{"line":44,"column":23},"end":{"line":44,"column":37}},{"start":{"line":45,"column":20},"end":{"line":45,"column":61}},{"start":{"line":46,"column":20},"end":{"line":46,"column":70}},{"start":{"line":47,"column":20},"end":{"line":47,"column":26}}]},"3":{"line":51,"type":"cond-expr","locations":[{"start":{"line":52,"column":14},"end":{"line":52,"column":20}},{"start":{"line":53,"column":14},"end":{"line":53,"column":20}}]},"4":{"line":55,"type":"binary-expr","locations":[{"start":{"line":55,"column":16},"end":{"line":55,"column":44}},{"start":{"line":55,"column":49},"end":{"line":57,"column":43}}]},"5":{"line":55,"type":"cond-expr","locations":[{"start":{"line":56,"column":14},"end":{"line":56,"column":61}},{"start":{"line":57,"column":14},"end":{"line":57,"column":43}}]},"6":{"line":61,"type":"switch","locations":[{"start":{"line":68,"column":4},"end":{"line":150,"column":14},"skip":true},{"start":{"line":156,"column":4},"end":{"line":324,"column":14},"skip":true}]},"7":{"line":70,"type":"if","locations":[{"start":{"line":70,"column":12},"end":{"line":70,"column":12},"skip":true},{"start":{"line":70,"column":12},"end":{"line":70,"column":12},"skip":true}]},"8":{"line":70,"type":"binary-expr","locations":[{"start":{"line":70,"column":16},"end":{"line":70,"column":22},"skip":true},{"start":{"line":70,"column":27},"end":{"line":70,"column":32},"skip":true},{"start":{"line":71,"column":20},"end":{"line":71,"column":39},"skip":true},{"start":{"line":72,"column":20},"end":{"line":72,"column":49},"skip":true},{"start":{"line":73,"column":20},"end":{"line":73,"column":58},"skip":true},{"start":{"line":74,"column":20},"end":{"line":74,"column":69},"skip":true}]},"9":{"line":79,"type":"switch","locations":[{"start":{"line":80,"column":20},"end":{"line":80,"column":33},"skip":true},{"start":{"line":81,"column":20},"end":{"line":83,"column":30},"skip":true},{"start":{"line":84,"column":20},"end":{"line":85,"column":49},"skip":true}]},"10":{"line":89,"type":"switch","locations":[{"start":{"line":90,"column":12},"end":{"line":103,"column":22},"skip":true},{"start":{"line":105,"column":12},"end":{"line":106,"column":22},"skip":true}]},"11":{"line":89,"type":"binary-expr","locations":[{"start":{"line":89,"column":20},"end":{"line":89,"column":25},"skip":true},{"start":{"line":89,"column":29},"end":{"line":89,"column":48},"skip":true},{"start":{"line":89,"column":52},"end":{"line":89,"column":74},"skip":true}]},"12":{"line":92,"type":"if","locations":[{"start":{"line":92,"column":16},"end":{"line":92,"column":16},"skip":true},{"start":{"line":92,"column":16},"end":{"line":92,"column":16},"skip":true}]},"13":{"line":108,"type":"if","locations":[{"start":{"line":108,"column":12},"end":{"line":108,"column":12},"skip":true},{"start":{"line":108,"column":12},"end":{"line":108,"column":12},"skip":true}]},"14":{"line":108,"type":"binary-expr","locations":[{"start":{"line":108,"column":16},"end":{"line":108,"column":61},"skip":true},{"start":{"line":108,"column":66},"end":{"line":108,"column":72},"skip":true},{"start":{"line":108,"column":77},"end":{"line":108,"column":82},"skip":true},{"start":{"line":109,"column":20},"end":{"line":109,"column":39},"skip":true},{"start":{"line":110,"column":20},"end":{"line":110,"column":49},"skip":true},{"start":{"line":111,"column":20},"end":{"line":111,"column":58},"skip":true},{"start":{"line":112,"column":20},"end":{"line":112,"column":68},"skip":true}]},"15":{"line":129,"type":"if","locations":[{"start":{"line":129,"column":16},"end":{"line":129,"column":16},"skip":true},{"start":{"line":129,"column":16},"end":{"line":129,"column":16},"skip":true}]},"16":{"line":134,"type":"cond-expr","locations":[{"start":{"line":135,"column":26},"end":{"line":135,"column":29},"skip":true},{"start":{"line":136,"column":26},"end":{"line":136,"column":54},"skip":true}]},"17":{"line":164,"type":"binary-expr","locations":[{"start":{"line":164,"column":27},"end":{"line":164,"column":43},"skip":true},{"start":{"line":164,"column":47},"end":{"line":164,"column":49},"skip":true}]},"18":{"line":258,"type":"if","locations":[{"start":{"line":258,"column":8},"end":{"line":258,"column":8},"skip":true},{"start":{"line":258,"column":8},"end":{"line":258,"column":8},"skip":true}]},"19":{"line":275,"type":"switch","locations":[{"start":{"line":276,"column":20},"end":{"line":277,"column":64},"skip":true},{"start":{"line":278,"column":20},"end":{"line":279,"column":40},"skip":true},{"start":{"line":280,"column":20},"end":{"line":281,"column":40},"skip":true},{"start":{"line":282,"column":20},"end":{"line":283,"column":39},"skip":true}]},"20":{"line":288,"type":"if","locations":[{"start":{"line":288,"column":8},"end":{"line":288,"column":8},"skip":true},{"start":{"line":288,"column":8},"end":{"line":288,"column":8},"skip":true}]},"21":{"line":288,"type":"binary-expr","locations":[{"start":{"line":288,"column":12},"end":{"line":288,"column":40},"skip":true},{"start":{"line":288,"column":44},"end":{"line":288,"column":67},"skip":true}]},"22":{"line":292,"type":"binary-expr","locations":[{"start":{"line":292,"column":12},"end":{"line":292,"column":50},"skip":true},{"start":{"line":293,"column":12},"end":{"line":293,"column":53},"skip":true}]},"23":{"line":297,"type":"binary-expr","locations":[{"start":{"line":297,"column":12},"end":{"line":297,"column":75},"skip":true},{"start":{"line":298,"column":12},"end":{"line":301,"column":36},"skip":true}]},"24":{"line":303,"type":"binary-expr","locations":[{"start":{"line":303,"column":43},"end":{"line":303,"column":75},"skip":true},{"start":{"line":303,"column":79},"end":{"line":303,"column":81},"skip":true}]},"25":{"line":306,"type":"if","locations":[{"start":{"line":306,"column":8},"end":{"line":306,"column":8},"skip":true},{"start":{"line":306,"column":8},"end":{"line":306,"column":8},"skip":true}]},"26":{"line":310,"type":"if","locations":[{"start":{"line":310,"column":8},"end":{"line":310,"column":8},"skip":true},{"start":{"line":310,"column":8},"end":{"line":310,"column":8},"skip":true}]},"27":{"line":313,"type":"binary-expr","locations":[{"start":{"line":313,"column":27},"end":{"line":313,"column":43},"skip":true},{"start":{"line":313,"column":47},"end":{"line":313,"column":53},"skip":true}]},"28":{"line":317,"type":"if","locations":[{"start":{"line":317,"column":12},"end":{"line":317,"column":12},"skip":true},{"start":{"line":317,"column":12},"end":{"line":317,"column":12},"skip":true}]}},"code":["/*","example.js","","quickstart example","","instruction","    1. save this script as example.js","    2. run the shell command:","        $ npm install npmtest-universal-webpack && PORT=8081 node example.js","    3. play with the browser-demo on http://127.0.0.1:8081","*/","","","","/* istanbul instrument in package npmtest_universal_webpack */","/*jslint","    bitwise: true,","    browser: true,","    maxerr: 8,","    maxlen: 96,","    node: true,","    nomen: true,","    regexp: true,","    stupid: true","*/","(function () {","    'use strict';","    var local;","","","","    // run shared js-env code - pre-init","    (function () {","        // init local","        local = {};","        // init modeJs","        local.modeJs = (function () {","            try {","                return typeof navigator.userAgent === 'string' &&","                    typeof document.querySelector('body') === 'object' &&","                    typeof XMLHttpRequest.prototype.open === 'function' &&","                    'browser';","            } catch (errorCaughtBrowser) {","                return module.exports &&","                    typeof process.versions.node === 'string' &&","                    typeof require('http').createServer === 'function' &&","                    'node';","            }","        }());","        // init global","        local.global = local.modeJs === 'browser'","            ? window","            : global;","        // init utility2_rollup","        local = local.global.utility2_rollup || (local.modeJs === 'browser'","            ? local.global.utility2_npmtest_universal_webpack","            : global.utility2_moduleExports);","        // export local","        local.global.local = local;","    }());","    switch (local.modeJs) {","","","","    // post-init","    // run browser js-env code - post-init","    /* istanbul ignore next */","    case 'browser':","        local.testRunBrowser = function (event) {","            if (!event || (event &&","                    event.currentTarget &&","                    event.currentTarget.className &&","                    event.currentTarget.className.includes &&","                    event.currentTarget.className.includes('onreset'))) {","                // reset output","                Array.from(","                    document.querySelectorAll('body > .resettable')","                ).forEach(function (element) {","                    switch (element.tagName) {","                    case 'INPUT':","                    case 'TEXTAREA':","                        element.value = '';","                        break;","                    default:","                        element.textContent = '';","                    }","                });","            }","            switch (event && event.currentTarget && event.currentTarget.id) {","            case 'testRunButton1':","                // show tests","                if (document.querySelector('#testReportDiv1').style.display === 'none') {","                    document.querySelector('#testReportDiv1').style.display = 'block';","                    document.querySelector('#testRunButton1').textContent =","                        'hide internal test';","                    local.modeTest = true;","                    local.testRunDefault(local);","                // hide tests","                } else {","                    document.querySelector('#testReportDiv1').style.display = 'none';","                    document.querySelector('#testRunButton1').textContent = 'run internal test';","                }","                break;","            // custom-case","            default:","                break;","            }","            if (document.querySelector('#inputTextareaEval1') && (!event || (event &&","                    event.currentTarget &&","                    event.currentTarget.className &&","                    event.currentTarget.className.includes &&","                    event.currentTarget.className.includes('oneval')))) {","                // try to eval input-code","                try {","                    /*jslint evil: true*/","                    eval(document.querySelector('#inputTextareaEval1').value);","                } catch (errorCaught) {","                    console.error(errorCaught);","                }","            }","        };","        // log stderr and stdout to #outputTextareaStdout1","        ['error', 'log'].forEach(function (key) {","            console[key + '_original'] = console[key];","            console[key] = function () {","                var element;","                console[key + '_original'].apply(console, arguments);","                element = document.querySelector('#outputTextareaStdout1');","                if (!element) {","                    return;","                }","                // append text to #outputTextareaStdout1","                element.value += Array.from(arguments).map(function (arg) {","                    return typeof arg === 'string'","                        ? arg","                        : JSON.stringify(arg, null, 4);","                }).join(' ') + '\\n';","                // scroll textarea to bottom","                element.scrollTop = element.scrollHeight;","            };","        });","        // init event-handling","        ['change', 'click', 'keyup'].forEach(function (event) {","            Array.from(document.querySelectorAll('.on' + event)).forEach(function (element) {","                element.addEventListener(event, local.testRunBrowser);","            });","        });","        // run tests","        local.testRunBrowser();","        break;","","","","    // run node js-env code - post-init","    /* istanbul ignore next */","    case 'node':","        // export local","        module.exports = local;","        // require modules","        local.fs = require('fs');","        local.http = require('http');","        local.url = require('url');","        // init assets","        local.assetsDict = local.assetsDict || {};","        /* jslint-ignore-begin */","        local.assetsDict['/assets.index.template.html'] = '\\","<!doctype html>\\n\\","<html lang=\"en\">\\n\\","<head>\\n\\","<meta charset=\"UTF-8\">\\n\\","<meta name=\"viewport\" content=\"width=device-width, initial-scale=1\">\\n\\","<title>{{env.npm_package_name}} (v{{env.npm_package_version}})</title>\\n\\","<style>\\n\\","/*csslint\\n\\","    box-sizing: false,\\n\\","    universal-selector: false\\n\\","*/\\n\\","* {\\n\\","    box-sizing: border-box;\\n\\","}\\n\\","body {\\n\\","    background: #dde;\\n\\","    font-family: Arial, Helvetica, sans-serif;\\n\\","    margin: 2rem;\\n\\","}\\n\\","body > * {\\n\\","    margin-bottom: 1rem;\\n\\","}\\n\\",".utility2FooterDiv {\\n\\","    margin-top: 20px;\\n\\","    text-align: center;\\n\\","}\\n\\","</style>\\n\\","<style>\\n\\","/*csslint\\n\\","*/\\n\\","textarea {\\n\\","    font-family: monospace;\\n\\","    height: 10rem;\\n\\","    width: 100%;\\n\\","}\\n\\","textarea[readonly] {\\n\\","    background: #ddd;\\n\\","}\\n\\","</style>\\n\\","</head>\\n\\","<body>\\n\\","<!-- utility2-comment\\n\\","<div id=\"ajaxProgressDiv1\" style=\"background: #d00; height: 2px; left: 0; margin: 0; padding: 0; position: fixed; top: 0; transition: background 0.5s, width 1.5s; width: 25%;\"></div>\\n\\","utility2-comment -->\\n\\","<h1>\\n\\","<!-- utility2-comment\\n\\","    <a\\n\\","        {{#if env.npm_package_homepage}}\\n\\","        href=\"{{env.npm_package_homepage}}\"\\n\\","        {{/if env.npm_package_homepage}}\\n\\","        target=\"_blank\"\\n\\","    >\\n\\","utility2-comment -->\\n\\","        {{env.npm_package_name}} (v{{env.npm_package_version}})\\n\\","<!-- utility2-comment\\n\\","    </a>\\n\\","utility2-comment -->\\n\\","</h1>\\n\\","<h3>{{env.npm_package_description}}</h3>\\n\\","<!-- utility2-comment\\n\\","<h4><a download href=\"assets.app.js\">download standalone app</a></h4>\\n\\","<button class=\"onclick onreset\" id=\"testRunButton1\">run internal test</button><br>\\n\\","<div id=\"testReportDiv1\" style=\"display: none;\"></div>\\n\\","utility2-comment -->\\n\\","\\n\\","\\n\\","\\n\\","<label>stderr and stdout</label>\\n\\","<textarea class=\"resettable\" id=\"outputTextareaStdout1\" readonly></textarea>\\n\\","<!-- utility2-comment\\n\\","{{#if isRollup}}\\n\\","<script src=\"assets.app.js\"></script>\\n\\","{{#unless isRollup}}\\n\\","utility2-comment -->\\n\\","<script src=\"assets.utility2.rollup.js\"></script>\\n\\","<script src=\"jsonp.utility2._stateInit?callback=window.utility2._stateInit\"></script>\\n\\","<script src=\"assets.npmtest_universal_webpack.rollup.js\"></script>\\n\\","<script src=\"assets.example.js\"></script>\\n\\","<script src=\"assets.test.js\"></script>\\n\\","<!-- utility2-comment\\n\\","{{/if isRollup}}\\n\\","utility2-comment -->\\n\\","<div class=\"utility2FooterDiv\">\\n\\","    [ this app was created with\\n\\","    <a href=\"https://github.com/kaizhu256/node-utility2\" target=\"_blank\">utility2</a>\\n\\","    ]\\n\\","</div>\\n\\","</body>\\n\\","</html>\\n\\","';","        /* jslint-ignore-end */","        if (local.templateRender) {","            local.assetsDict['/'] = local.templateRender(","                local.assetsDict['/assets.index.template.html'],","                {","                    env: local.objectSetDefault(local.env, {","                        npm_package_description: 'the greatest app in the world!',","                        npm_package_name: 'my-app',","                        npm_package_nameAlias: 'my_app',","                        npm_package_version: '0.0.1'","                    })","                }","            );","        } else {","            local.assetsDict['/'] = local.assetsDict['/assets.index.template.html']","                .replace((/\\{\\{env\\.(\\w+?)\\}\\}/g), function (match0, match1) {","                    // jslint-hack","                    String(match0);","                    switch (match1) {","                    case 'npm_package_description':","                        return 'the greatest app in the world!';","                    case 'npm_package_name':","                        return 'my-app';","                    case 'npm_package_nameAlias':","                        return 'my_app';","                    case 'npm_package_version':","                        return '0.0.1';","                    }","                });","        }","        // run the cli","        if (local.global.utility2_rollup || module !== require.main) {","            break;","        }","        local.assetsDict['/assets.example.js'] =","            local.assetsDict['/assets.example.js'] ||","            local.fs.readFileSync(__filename, 'utf8');","        // bug-workaround - long $npm_package_buildCustomOrg","        /* jslint-ignore-begin */","        local.assetsDict['/assets.npmtest_universal_webpack.rollup.js'] =","            local.assetsDict['/assets.npmtest_universal_webpack.rollup.js'] ||","            local.fs.readFileSync(","                local.npmtest_universal_webpack.__dirname + '/lib.npmtest_universal_webpack.js',","                'utf8'","            ).replace((/^#!/), '//');","        /* jslint-ignore-end */","        local.assetsDict['/favicon.ico'] = local.assetsDict['/favicon.ico'] || '';","        // if $npm_config_timeout_exit exists,","        // then exit this process after $npm_config_timeout_exit ms","        if (Number(process.env.npm_config_timeout_exit)) {","            setTimeout(process.exit, Number(process.env.npm_config_timeout_exit));","        }","        // start server","        if (local.global.utility2_serverHttp1) {","            break;","        }","        process.env.PORT = process.env.PORT || '8081';","        console.error('server starting on port ' + process.env.PORT);","        local.http.createServer(function (request, response) {","            request.urlParsed = local.url.parse(request.url);","            if (local.assetsDict[request.urlParsed.pathname] !== undefined) {","                response.end(local.assetsDict[request.urlParsed.pathname]);","                return;","            }","            response.statusCode = 404;","            response.end();","        }).listen(process.env.PORT);","        break;","    }","}());",""],"l":{"26":2,"28":2,"33":2,"35":2,"37":2,"38":2,"39":2,"44":1,"51":2,"55":2,"59":2,"61":2,"69":1,"70":2,"76":2,"79":2,"82":2,"83":2,"85":1,"89":2,"92":1,"93":1,"94":1,"96":1,"97":1,"100":1,"101":1,"103":1,"106":1,"108":2,"114":1,"116":1,"118":1,"123":1,"124":2,"125":2,"126":3,"127":3,"128":3,"129":3,"130":1,"133":3,"134":3,"139":3,"143":1,"144":3,"145":1,"149":1,"150":1,"158":1,"160":1,"161":1,"162":1,"164":1,"166":1,"258":1,"259":1,"271":1,"274":6,"275":6,"277":1,"279":2,"281":1,"283":2,"288":1,"289":1,"291":1,"296":1,"303":1,"306":1,"307":1,"310":1,"311":1,"313":1,"314":1,"315":1,"316":1,"317":1,"318":1,"319":1,"321":1,"322":1,"324":1}},"/home/travis/build/npmtest/node-npmtest-universal-webpack/node_modules/universal-webpack/index.common.js":{"path":"/home/travis/build/npmtest/node-npmtest-universal-webpack/node_modules/universal-webpack/index.common.js","s":{"1":2},"b":{},"f":{},"fnMap":{},"statementMap":{"1":{"start":{"line":3,"column":0},"end":{"line":16,"column":1}}},"branchMap":{},"code":["'use strict'","","exports = module.exports =","{","\tserver                 : require('./build/server').default,","\tserver_configuration   : require('./build/server configuration').default,","\tclient_configuration   : require('./build/client configuration').default,","\tprepare                : require('./build/prepare').default,","\tdevtools               : require('./build/devtools').default,","\tbabel_register_options : require('./build/babel-register').babel_register_options,","","\t// for camelCased guys","\tserverConfiguration    : require('./build/server configuration').default,","\tclientConfiguration    : require('./build/client configuration').default,","\tbabelRegisterOptions   : require('./build/babel-register').babel_register_options","}"],"l":{"3":2}},"/home/travis/build/npmtest/node-npmtest-universal-webpack/node_modules/universal-webpack/build/server.js":{"path":"/home/travis/build/npmtest/node-npmtest-universal-webpack/node_modules/universal-webpack/build/server.js","s":{"1":4,"2":4,"3":0,"4":0,"5":0,"6":0,"7":0,"8":0,"9":0,"10":0,"11":0,"12":0,"13":0,"14":1,"15":0,"16":1,"17":0,"18":0,"19":0,"20":0,"21":0,"22":0,"23":0,"24":0,"25":0,"26":0,"27":0,"28":0,"29":0,"30":0,"31":0,"32":0,"33":0,"34":0,"35":0,"36":0,"37":0},"b":{"1":[0,0],"2":[0,0],"3":[0,0],"4":[0,0],"5":[0,0],"6":[0,0],"7":[0,0],"8":[0,0]},"f":{"1":0,"2":0,"3":0,"4":0,"5":0,"6":0},"fnMap":{"1":{"name":"_interopRequireDefault","line":31,"loc":{"start":{"line":31,"column":0},"end":{"line":31,"column":37}}},"2":{"name":"server","line":33,"loc":{"start":{"line":33,"column":0},"end":{"line":33,"column":49}}},"3":{"name":"(anonymous_3)","line":46,"loc":{"start":{"line":46,"column":60},"end":{"line":46,"column":72}}},"4":{"name":"(anonymous_4)","line":48,"loc":{"start":{"line":48,"column":9},"end":{"line":48,"column":21}}},"5":{"name":"chunks","line":53,"loc":{"start":{"line":53,"column":11},"end":{"line":53,"column":29}}},"6":{"name":"(anonymous_6)","line":87,"loc":{"start":{"line":87,"column":10},"end":{"line":87,"column":27}}}},"statementMap":{"1":{"start":{"line":3,"column":0},"end":{"line":5,"column":3}},"2":{"start":{"line":7,"column":0},"end":{"line":7,"column":65}},"3":{"start":{"line":9,"column":0},"end":{"line":9,"column":53}},"4":{"start":{"line":11,"column":0},"end":{"line":11,"column":25}},"5":{"start":{"line":13,"column":0},"end":{"line":13,"column":28}},"6":{"start":{"line":15,"column":0},"end":{"line":15,"column":43}},"7":{"start":{"line":17,"column":0},"end":{"line":17,"column":24}},"8":{"start":{"line":19,"column":0},"end":{"line":19,"column":39}},"9":{"start":{"line":21,"column":0},"end":{"line":21,"column":28}},"10":{"start":{"line":23,"column":0},"end":{"line":23,"column":43}},"11":{"start":{"line":25,"column":0},"end":{"line":25,"column":46}},"12":{"start":{"line":27,"column":0},"end":{"line":27,"column":57}},"13":{"start":{"line":29,"column":0},"end":{"line":29,"column":34}},"14":{"start":{"line":31,"column":0},"end":{"line":31,"column":95}},"15":{"start":{"line":31,"column":39},"end":{"line":31,"column":93}},"16":{"start":{"line":33,"column":0},"end":{"line":100,"column":1}},"17":{"start":{"line":41,"column":1},"end":{"line":41,"column":121}},"18":{"start":{"line":43,"column":1},"end":{"line":43,"column":120}},"19":{"start":{"line":46,"column":1},"end":{"line":99,"column":4}},"20":{"start":{"line":47,"column":2},"end":{"line":47,"column":63}},"21":{"start":{"line":50,"column":2},"end":{"line":64,"column":4}},"22":{"start":{"line":57,"column":4},"end":{"line":59,"column":5}},"23":{"start":{"line":58,"column":5},"end":{"line":58,"column":53}},"24":{"start":{"line":62,"column":4},"end":{"line":62,"column":46}},"25":{"start":{"line":69,"column":2},"end":{"line":69,"column":44}},"26":{"start":{"line":73,"column":2},"end":{"line":75,"column":3}},"27":{"start":{"line":74,"column":3},"end":{"line":74,"column":30}},"28":{"start":{"line":77,"column":2},"end":{"line":79,"column":3}},"29":{"start":{"line":78,"column":3},"end":{"line":78,"column":38}},"30":{"start":{"line":81,"column":2},"end":{"line":81,"column":44}},"31":{"start":{"line":82,"column":2},"end":{"line":84,"column":3}},"32":{"start":{"line":83,"column":3},"end":{"line":83,"column":68}},"33":{"start":{"line":86,"column":2},"end":{"line":86,"column":135}},"34":{"start":{"line":89,"column":2},"end":{"line":89,"column":33}},"35":{"start":{"line":92,"column":2},"end":{"line":92,"column":47}},"36":{"start":{"line":95,"column":2},"end":{"line":95,"column":34}},"37":{"start":{"line":98,"column":2},"end":{"line":98,"column":18}}},"branchMap":{"1":{"line":31,"type":"cond-expr","locations":[{"start":{"line":31,"column":70},"end":{"line":31,"column":73}},{"start":{"line":31,"column":76},"end":{"line":31,"column":92}}]},"2":{"line":31,"type":"binary-expr","locations":[{"start":{"line":31,"column":46},"end":{"line":31,"column":49}},{"start":{"line":31,"column":53},"end":{"line":31,"column":67}}]},"3":{"line":41,"type":"binary-expr","locations":[{"start":{"line":41,"column":49},"end":{"line":41,"column":78}},{"start":{"line":41,"column":82},"end":{"line":41,"column":95}}]},"4":{"line":57,"type":"if","locations":[{"start":{"line":57,"column":4},"end":{"line":57,"column":4}},{"start":{"line":57,"column":4},"end":{"line":57,"column":4}}]},"5":{"line":73,"type":"if","locations":[{"start":{"line":73,"column":2},"end":{"line":73,"column":2}},{"start":{"line":73,"column":2},"end":{"line":73,"column":2}}]},"6":{"line":77,"type":"if","locations":[{"start":{"line":77,"column":2},"end":{"line":77,"column":2}},{"start":{"line":77,"column":2},"end":{"line":77,"column":2}}]},"7":{"line":82,"type":"if","locations":[{"start":{"line":82,"column":2},"end":{"line":82,"column":2}},{"start":{"line":82,"column":2},"end":{"line":82,"column":2}}]},"8":{"line":92,"type":"binary-expr","locations":[{"start":{"line":92,"column":24},"end":{"line":92,"column":35}},{"start":{"line":92,"column":39},"end":{"line":92,"column":44}}]}},"code":["'use strict';","","Object.defineProperty(exports, \"__esModule\", {","\tvalue: true","});","","var _stringify = require('babel-runtime/core-js/json/stringify');","","var _stringify2 = _interopRequireDefault(_stringify);","","exports.default = server;","","var _path = require('path');","","var _path2 = _interopRequireDefault(_path);","","var _fs = require('fs');","","var _fs2 = _interopRequireDefault(_fs);","","var _util = require('util');","","var _util2 = _interopRequireDefault(_util);","","var _waitForFile = require('./wait for file');","","var _waitForFile2 = _interopRequireDefault(_waitForFile);","","var _chunks = require('./chunks');","","function _interopRequireDefault(obj) { return obj && obj.__esModule ? obj : { default: obj }; }","","function server(webpack_configuration, settings) {","\t// if (!webpack_configuration.context)","\t// {","\t// \tthrow new Error(`You must set \"context\" parameter in your Webpack configuration`)","\t// }","","\t// Path to `build/server.js`","\t// (built by Webpack)","\tvar server_bundle_path = _path2.default.resolve(webpack_configuration.context || process.cwd(), settings.server.output);","","\tvar chunk_info_json_file_path = (0, _chunks.chunk_info_file_path)(webpack_configuration, settings.chunk_info_filename);","","\t// waits for the first Webpack server-side build to finish and produce `webpage_rendering_server.js`","\treturn (0, _waitForFile2.default)(server_bundle_path).then(function () {","\t\treturn (0, _waitForFile2.default)(chunk_info_json_file_path);","\t}).then(function () {","\t\t// Will be passed to the server code","\t\tvar additional = {","\t\t\tconfiguration: webpack_configuration,","","\t\t\tchunks: function chunks() {","\t\t\t\t// Just in case `nodemon` was not set up to watch and","\t\t\t\t// restart the Node.js process on bundle rebuild,","\t\t\t\t// clear Webpack require() cache for hot reload in development mode.","\t\t\t\tif (process.env.NODE_ENV !== 'production') {","\t\t\t\t\tdelete require.cache[chunk_info_json_file_path];","\t\t\t\t}","","\t\t\t\t// In production mode `require()` cache will be in effect","\t\t\t\treturn require(chunk_info_json_file_path);","\t\t\t}","\t\t};","","\t\t// Start webpage rendering server","\t\t// (this module will be compiled by Webpack server-side build from './source/server.js')","","\t\tvar starter = require(server_bundle_path);","","\t\t// Fixing Babel `module.exports.default` issues","","\t\tif (typeof starter === 'function') {","\t\t\treturn starter(additional);","\t\t}","","\t\tif (typeof starter.default === 'function') {","\t\t\treturn starter.default(additional);","\t\t}","","\t\tvar stringified_starter = String(starter);","\t\tif (stringified_starter === '[object Object]') {","\t\t\tstringified_starter = (0, _stringify2.default)(starter, null, 2);","\t\t}","","\t\tthrow new Error('[universal-webpack] Your server source file must export a function. ' + ('Got ' + _util2.default.inspect(starter)));","\t}).catch(function (error) {","\t\t// bright red color","\t\tconsole.log(\"\\x1b[1m\\x1b[31m\");","","\t\t// Output the error stack trace","\t\tconsole.error('\\n' + (error.stack || error));","","\t\t// reset color and brightness","\t\tconsole.log('\\x1b[39m\\x1b[22m');","","\t\t// exit with non-zero exit code (indicating that an error happened)","\t\tprocess.exit(1);","\t});","}","//# sourceMappingURL=server.js.map"],"l":{"3":4,"7":4,"9":0,"11":0,"13":0,"15":0,"17":0,"19":0,"21":0,"23":0,"25":0,"27":0,"29":0,"31":1,"33":1,"41":0,"43":0,"46":0,"47":0,"50":0,"57":0,"58":0,"62":0,"69":0,"73":0,"74":0,"77":0,"78":0,"81":0,"82":0,"83":0,"86":0,"89":0,"92":0,"95":0,"98":0}},"/home/travis/build/npmtest/node-npmtest-universal-webpack/node_modules/universal-webpack/config.js":{"path":"/home/travis/build/npmtest/node-npmtest-universal-webpack/node_modules/universal-webpack/config.js","s":{"1":2},"b":{},"f":{},"fnMap":{},"statementMap":{"1":{"start":{"line":5,"column":0},"end":{"line":9,"column":1}}},"branchMap":{},"code":["'use strict'","","// This is an alternative to `import { clientConfiguration, serverConfiguration } from 'universal-webpack'`.","// https://github.com/halt-hammerzeit/universal-webpack/issues/23#issuecomment-290201907","exports = module.exports =","{","\tserver : require('./build/server configuration').default,","\tclient : require('./build/client configuration').default","}"],"l":{"5":2}},"/home/travis/build/npmtest/node-npmtest-universal-webpack/node_modules/universal-webpack/build/server configuration.js":{"path":"/home/travis/build/npmtest/node-npmtest-universal-webpack/node_modules/universal-webpack/build/server configuration.js","s":{"1":2,"2":2,"3":0,"4":0,"5":0,"6":0,"7":0,"8":0,"9":0,"10":0,"11":0,"12":0,"13":0,"14":0,"15":0,"16":0,"17":0,"18":0,"19":0,"20":0,"21":0,"22":0,"23":1,"24":0,"25":1,"26":0,"27":0,"28":0,"29":0,"30":0,"31":0,"32":0,"33":0,"34":0,"35":0,"36":0,"37":0,"38":0,"39":0,"40":0,"41":0,"42":0,"43":0,"44":0,"45":0,"46":0,"47":0,"48":0,"49":0,"50":0,"51":0,"52":0,"53":0,"54":1,"55":0,"56":0,"57":0,"58":0,"59":0,"60":0,"61":0,"62":0,"63":0,"64":0,"65":0,"66":0,"67":0,"68":0,"69":0,"70":0,"71":0,"72":0,"73":0,"74":0,"75":0,"76":0,"77":0,"78":0,"79":0,"80":0,"81":0,"82":0,"83":0,"84":0,"85":0,"86":0,"87":0,"88":0,"89":0,"90":0,"91":0,"92":0,"93":0,"94":0,"95":0,"96":0,"97":0,"98":0,"99":0,"100":1,"101":0,"102":0,"103":0,"104":0,"105":0,"106":0,"107":0,"108":0,"109":0,"110":0,"111":0,"112":0,"113":0,"114":0,"115":0,"116":0,"117":0,"118":0,"119":0,"120":0,"121":0,"122":0,"123":1,"124":0,"125":0,"126":0,"127":0,"128":0,"129":0,"130":0,"131":0,"132":0,"133":0,"134":0,"135":0,"136":0,"137":0,"138":0,"139":0,"140":0,"141":0,"142":0,"143":1,"144":0,"145":0,"146":0,"147":0,"148":0,"149":0,"150":0,"151":0,"152":0,"153":0},"b":{"1":[0,0],"2":[0,0],"3":[0,0],"4":[0,0],"5":[0,0],"6":[0,0],"7":[0,0],"8":[0,0],"9":[0,0],"10":[0,0],"11":[0,0],"12":[0,0],"13":[0,0],"14":[0,0],"15":[0,0],"16":[0,0],"17":[0,0],"18":[0,0],"19":[0,0],"20":[0,0],"21":[0,0],"22":[0,0],"23":[0,0],"24":[0,0],"25":[0,0],"26":[0,0],"27":[0,0],"28":[0,0],"29":[0,0],"30":[0,0],"31":[0,0],"32":[0,0],"33":[0,0],"34":[0,0],"35":[0,0],"36":[0,0],"37":[0,0],"38":[0,0],"39":[0,0],"40":[0,0],"41":[0,0],"42":[0,0],"43":[0,0]},"f":{"1":0,"2":0,"3":0,"4":0,"5":0,"6":0,"7":0,"8":0,"9":0},"fnMap":{"1":{"name":"_interopRequireDefault","line":45,"loc":{"start":{"line":45,"column":0},"end":{"line":45,"column":37}}},"2":{"name":"server_configuration","line":48,"loc":{"start":{"line":48,"column":0},"end":{"line":48,"column":63}}},"3":{"name":"(anonymous_3)","line":105,"loc":{"start":{"line":105,"column":30},"end":{"line":105,"column":68}}},"4":{"name":"(anonymous_4)","line":128,"loc":{"start":{"line":128,"column":54},"end":{"line":128,"column":72}}},"5":{"name":"is_external","line":159,"loc":{"start":{"line":159,"column":0},"end":{"line":159,"column":63}}},"6":{"name":"dont_emit_file_loader","line":271,"loc":{"start":{"line":271,"column":0},"end":{"line":271,"column":46}}},"7":{"name":"replace_style_loader","line":314,"loc":{"start":{"line":314,"column":0},"end":{"line":314,"column":45}}},"8":{"name":"(anonymous_8)","line":331,"loc":{"start":{"line":331,"column":31},"end":{"line":331,"column":49}}},"9":{"name":"extract_package_name","line":354,"loc":{"start":{"line":354,"column":0},"end":{"line":354,"column":36}}}},"statementMap":{"1":{"start":{"line":3,"column":0},"end":{"line":5,"column":3}},"2":{"start":{"line":7,"column":0},"end":{"line":7,"column":57}},"3":{"start":{"line":9,"column":0},"end":{"line":9,"column":43}},"4":{"start":{"line":11,"column":0},"end":{"line":11,"column":66}},"5":{"start":{"line":13,"column":0},"end":{"line":13,"column":58}},"6":{"start":{"line":15,"column":0},"end":{"line":15,"column":71}},"7":{"start":{"line":17,"column":0},"end":{"line":17,"column":64}},"8":{"start":{"line":19,"column":0},"end":{"line":19,"column":39}},"9":{"start":{"line":20,"column":0},"end":{"line":20,"column":34}},"10":{"start":{"line":21,"column":0},"end":{"line":21,"column":54}},"11":{"start":{"line":22,"column":0},"end":{"line":22,"column":52}},"12":{"start":{"line":23,"column":0},"end":{"line":23,"column":52}},"13":{"start":{"line":25,"column":0},"end":{"line":25,"column":28}},"14":{"start":{"line":27,"column":0},"end":{"line":27,"column":43}},"15":{"start":{"line":29,"column":0},"end":{"line":29,"column":28}},"16":{"start":{"line":31,"column":0},"end":{"line":31,"column":43}},"17":{"start":{"line":33,"column":0},"end":{"line":33,"column":34}},"18":{"start":{"line":35,"column":0},"end":{"line":35,"column":49}},"19":{"start":{"line":37,"column":0},"end":{"line":37,"column":67}},"20":{"start":{"line":39,"column":0},"end":{"line":39,"column":79}},"21":{"start":{"line":41,"column":0},"end":{"line":41,"column":36}},"22":{"start":{"line":43,"column":0},"end":{"line":43,"column":36}},"23":{"start":{"line":45,"column":0},"end":{"line":45,"column":95}},"24":{"start":{"line":45,"column":39},"end":{"line":45,"column":93}},"25":{"start":{"line":48,"column":0},"end":{"line":156,"column":1}},"26":{"start":{"line":54,"column":1},"end":{"line":54,"column":64}},"27":{"start":{"line":57,"column":1},"end":{"line":57,"column":64}},"28":{"start":{"line":60,"column":1},"end":{"line":60,"column":120}},"29":{"start":{"line":62,"column":1},"end":{"line":62,"column":98}},"30":{"start":{"line":65,"column":1},"end":{"line":65,"column":31}},"31":{"start":{"line":69,"column":1},"end":{"line":69,"column":47}},"32":{"start":{"line":70,"column":1},"end":{"line":70,"column":38}},"33":{"start":{"line":71,"column":1},"end":{"line":71,"column":39}},"34":{"start":{"line":74,"column":1},"end":{"line":74,"column":50}},"35":{"start":{"line":77,"column":1},"end":{"line":77,"column":45}},"36":{"start":{"line":78,"column":1},"end":{"line":78,"column":50}},"37":{"start":{"line":83,"column":1},"end":{"line":83,"column":38}},"38":{"start":{"line":86,"column":1},"end":{"line":86,"column":123}},"39":{"start":{"line":89,"column":1},"end":{"line":89,"column":38}},"40":{"start":{"line":99,"column":1},"end":{"line":99,"column":57}},"41":{"start":{"line":101,"column":1},"end":{"line":103,"column":2}},"42":{"start":{"line":102,"column":2},"end":{"line":102,"column":54}},"43":{"start":{"line":105,"column":1},"end":{"line":113,"column":4}},"44":{"start":{"line":106,"column":2},"end":{"line":109,"column":3}},"45":{"start":{"line":108,"column":3},"end":{"line":108,"column":34}},"46":{"start":{"line":112,"column":2},"end":{"line":112,"column":20}},"47":{"start":{"line":117,"column":1},"end":{"line":117,"column":37}},"48":{"start":{"line":123,"column":1},"end":{"line":123,"column":38}},"49":{"start":{"line":125,"column":1},"end":{"line":125,"column":53}},"50":{"start":{"line":128,"column":1},"end":{"line":130,"column":4}},"51":{"start":{"line":129,"column":2},"end":{"line":129,"column":149}},"52":{"start":{"line":133,"column":1},"end":{"line":152,"column":73}},"53":{"start":{"line":155,"column":1},"end":{"line":155,"column":22}},"54":{"start":{"line":159,"column":0},"end":{"line":265,"column":1}},"55":{"start":{"line":167,"column":1},"end":{"line":167,"column":50}},"56":{"start":{"line":171,"column":1},"end":{"line":174,"column":2}},"57":{"start":{"line":173,"column":2},"end":{"line":173,"column":15}},"58":{"start":{"line":181,"column":1},"end":{"line":184,"column":2}},"59":{"start":{"line":183,"column":2},"end":{"line":183,"column":15}},"60":{"start":{"line":187,"column":1},"end":{"line":216,"column":2}},"61":{"start":{"line":188,"column":2},"end":{"line":188,"column":39}},"62":{"start":{"line":189,"column":2},"end":{"line":189,"column":32}},"63":{"start":{"line":190,"column":2},"end":{"line":190,"column":33}},"64":{"start":{"line":192,"column":2},"end":{"line":215,"column":3}},"65":{"start":{"line":193,"column":3},"end":{"line":201,"column":4}},"66":{"start":{"line":194,"column":4},"end":{"line":194,"column":28}},"67":{"start":{"line":197,"column":4},"end":{"line":200,"column":5}},"68":{"start":{"line":199,"column":5},"end":{"line":199,"column":18}},"69":{"start":{"line":203,"column":3},"end":{"line":203,"column":28}},"70":{"start":{"line":204,"column":3},"end":{"line":204,"column":24}},"71":{"start":{"line":206,"column":3},"end":{"line":214,"column":4}},"72":{"start":{"line":207,"column":4},"end":{"line":209,"column":5}},"73":{"start":{"line":208,"column":5},"end":{"line":208,"column":24}},"74":{"start":{"line":211,"column":4},"end":{"line":213,"column":5}},"75":{"start":{"line":212,"column":5},"end":{"line":212,"column":26}},"76":{"start":{"line":219,"column":1},"end":{"line":219,"column":95}},"77":{"start":{"line":222,"column":1},"end":{"line":261,"column":2}},"78":{"start":{"line":223,"column":2},"end":{"line":223,"column":40}},"79":{"start":{"line":224,"column":2},"end":{"line":224,"column":33}},"80":{"start":{"line":225,"column":2},"end":{"line":225,"column":34}},"81":{"start":{"line":227,"column":2},"end":{"line":260,"column":3}},"82":{"start":{"line":228,"column":3},"end":{"line":246,"column":4}},"83":{"start":{"line":229,"column":4},"end":{"line":229,"column":41}},"84":{"start":{"line":231,"column":4},"end":{"line":231,"column":35}},"85":{"start":{"line":233,"column":4},"end":{"line":245,"column":5}},"86":{"start":{"line":234,"column":5},"end":{"line":237,"column":6}},"87":{"start":{"line":236,"column":6},"end":{"line":236,"column":19}},"88":{"start":{"line":238,"column":11},"end":{"line":245,"column":5}},"89":{"start":{"line":239,"column":5},"end":{"line":242,"column":6}},"90":{"start":{"line":241,"column":6},"end":{"line":241,"column":19}},"91":{"start":{"line":244,"column":5},"end":{"line":244,"column":128}},"92":{"start":{"line":248,"column":3},"end":{"line":248,"column":29}},"93":{"start":{"line":249,"column":3},"end":{"line":249,"column":25}},"94":{"start":{"line":251,"column":3},"end":{"line":259,"column":4}},"95":{"start":{"line":252,"column":4},"end":{"line":254,"column":5}},"96":{"start":{"line":253,"column":5},"end":{"line":253,"column":25}},"97":{"start":{"line":256,"column":4},"end":{"line":258,"column":5}},"98":{"start":{"line":257,"column":5},"end":{"line":257,"column":27}},"99":{"start":{"line":264,"column":1},"end":{"line":264,"column":13}},"100":{"start":{"line":271,"column":0},"end":{"line":310,"column":1}},"101":{"start":{"line":272,"column":1},"end":{"line":272,"column":39}},"102":{"start":{"line":273,"column":1},"end":{"line":273,"column":32}},"103":{"start":{"line":274,"column":1},"end":{"line":274,"column":33}},"104":{"start":{"line":276,"column":1},"end":{"line":309,"column":2}},"105":{"start":{"line":277,"column":2},"end":{"line":295,"column":3}},"106":{"start":{"line":278,"column":3},"end":{"line":278,"column":27}},"107":{"start":{"line":280,"column":3},"end":{"line":280,"column":46}},"108":{"start":{"line":282,"column":3},"end":{"line":282,"column":82}},"109":{"start":{"line":283,"column":3},"end":{"line":283,"column":80}},"110":{"start":{"line":285,"column":3},"end":{"line":287,"column":4}},"111":{"start":{"line":286,"column":4},"end":{"line":286,"column":136}},"112":{"start":{"line":289,"column":3},"end":{"line":289,"column":42}},"113":{"start":{"line":291,"column":3},"end":{"line":294,"column":4}},"114":{"start":{"line":292,"column":4},"end":{"line":292,"column":42}},"115":{"start":{"line":293,"column":4},"end":{"line":293,"column":36}},"116":{"start":{"line":297,"column":2},"end":{"line":297,"column":28}},"117":{"start":{"line":298,"column":2},"end":{"line":298,"column":24}},"118":{"start":{"line":300,"column":2},"end":{"line":308,"column":3}},"119":{"start":{"line":301,"column":3},"end":{"line":303,"column":4}},"120":{"start":{"line":302,"column":4},"end":{"line":302,"column":24}},"121":{"start":{"line":305,"column":3},"end":{"line":307,"column":4}},"122":{"start":{"line":306,"column":4},"end":{"line":306,"column":26}},"123":{"start":{"line":314,"column":0},"end":{"line":350,"column":1}},"124":{"start":{"line":315,"column":1},"end":{"line":315,"column":39}},"125":{"start":{"line":316,"column":1},"end":{"line":316,"column":32}},"126":{"start":{"line":317,"column":1},"end":{"line":317,"column":33}},"127":{"start":{"line":319,"column":1},"end":{"line":349,"column":2}},"128":{"start":{"line":320,"column":2},"end":{"line":335,"column":3}},"129":{"start":{"line":321,"column":3},"end":{"line":321,"column":27}},"130":{"start":{"line":323,"column":3},"end":{"line":323,"column":46}},"131":{"start":{"line":327,"column":3},"end":{"line":327,"column":80}},"132":{"start":{"line":329,"column":3},"end":{"line":334,"column":4}},"133":{"start":{"line":330,"column":4},"end":{"line":330,"column":44}},"134":{"start":{"line":331,"column":4},"end":{"line":333,"column":7}},"135":{"start":{"line":332,"column":5},"end":{"line":332,"column":63}},"136":{"start":{"line":337,"column":2},"end":{"line":337,"column":28}},"137":{"start":{"line":338,"column":2},"end":{"line":338,"column":24}},"138":{"start":{"line":340,"column":2},"end":{"line":348,"column":3}},"139":{"start":{"line":341,"column":3},"end":{"line":343,"column":4}},"140":{"start":{"line":342,"column":4},"end":{"line":342,"column":24}},"141":{"start":{"line":345,"column":3},"end":{"line":347,"column":4}},"142":{"start":{"line":346,"column":4},"end":{"line":346,"column":26}},"143":{"start":{"line":354,"column":0},"end":{"line":375,"column":1}},"144":{"start":{"line":355,"column":1},"end":{"line":357,"column":2}},"145":{"start":{"line":356,"column":2},"end":{"line":356,"column":14}},"146":{"start":{"line":360,"column":1},"end":{"line":360,"column":53}},"147":{"start":{"line":363,"column":1},"end":{"line":372,"column":2}},"148":{"start":{"line":364,"column":2},"end":{"line":364,"column":52}},"149":{"start":{"line":365,"column":2},"end":{"line":365,"column":41}},"150":{"start":{"line":367,"column":2},"end":{"line":371,"column":3}},"151":{"start":{"line":368,"column":3},"end":{"line":368,"column":59}},"152":{"start":{"line":370,"column":3},"end":{"line":370,"column":23}},"153":{"start":{"line":374,"column":1},"end":{"line":374,"column":21}}},"branchMap":{"1":{"line":45,"type":"cond-expr","locations":[{"start":{"line":45,"column":70},"end":{"line":45,"column":73}},{"start":{"line":45,"column":76},"end":{"line":45,"column":92}}]},"2":{"line":45,"type":"binary-expr","locations":[{"start":{"line":45,"column":46},"end":{"line":45,"column":49}},{"start":{"line":45,"column":53},"end":{"line":45,"column":67}}]},"3":{"line":57,"type":"binary-expr","locations":[{"start":{"line":57,"column":25},"end":{"line":57,"column":46}},{"start":{"line":57,"column":50},"end":{"line":57,"column":63}}]},"4":{"line":69,"type":"binary-expr","locations":[{"start":{"line":69,"column":22},"end":{"line":69,"column":40}},{"start":{"line":69,"column":44},"end":{"line":69,"column":46}}]},"5":{"line":99,"type":"binary-expr","locations":[{"start":{"line":99,"column":27},"end":{"line":99,"column":50}},{"start":{"line":99,"column":54},"end":{"line":99,"column":56}}]},"6":{"line":101,"type":"if","locations":[{"start":{"line":101,"column":1},"end":{"line":101,"column":1}},{"start":{"line":101,"column":1},"end":{"line":101,"column":1}}]},"7":{"line":106,"type":"if","locations":[{"start":{"line":106,"column":2},"end":{"line":106,"column":2}},{"start":{"line":106,"column":2},"end":{"line":106,"column":2}}]},"8":{"line":125,"type":"binary-expr","locations":[{"start":{"line":125,"column":25},"end":{"line":125,"column":46}},{"start":{"line":125,"column":50},"end":{"line":125,"column":52}}]},"9":{"line":129,"type":"binary-expr","locations":[{"start":{"line":129,"column":9},"end":{"line":129,"column":76}},{"start":{"line":129,"column":80},"end":{"line":129,"column":148}}]},"10":{"line":171,"type":"if","locations":[{"start":{"line":171,"column":1},"end":{"line":171,"column":1}},{"start":{"line":171,"column":1},"end":{"line":171,"column":1}}]},"11":{"line":171,"type":"binary-expr","locations":[{"start":{"line":171,"column":5},"end":{"line":171,"column":49}},{"start":{"line":171,"column":53},"end":{"line":171,"column":98}}]},"12":{"line":181,"type":"if","locations":[{"start":{"line":181,"column":1},"end":{"line":181,"column":1}},{"start":{"line":181,"column":1},"end":{"line":181,"column":1}}]},"13":{"line":187,"type":"if","locations":[{"start":{"line":187,"column":1},"end":{"line":187,"column":1}},{"start":{"line":187,"column":1},"end":{"line":187,"column":1}}]},"14":{"line":187,"type":"binary-expr","locations":[{"start":{"line":187,"column":5},"end":{"line":187,"column":34}},{"start":{"line":187,"column":38},"end":{"line":187,"column":73}}]},"15":{"line":197,"type":"if","locations":[{"start":{"line":197,"column":4},"end":{"line":197,"column":4}},{"start":{"line":197,"column":4},"end":{"line":197,"column":4}}]},"16":{"line":207,"type":"if","locations":[{"start":{"line":207,"column":4},"end":{"line":207,"column":4}},{"start":{"line":207,"column":4},"end":{"line":207,"column":4}}]},"17":{"line":207,"type":"binary-expr","locations":[{"start":{"line":207,"column":8},"end":{"line":207,"column":34}},{"start":{"line":207,"column":38},"end":{"line":207,"column":54}}]},"18":{"line":211,"type":"if","locations":[{"start":{"line":211,"column":4},"end":{"line":211,"column":4}},{"start":{"line":211,"column":4},"end":{"line":211,"column":4}}]},"19":{"line":219,"type":"binary-expr","locations":[{"start":{"line":219,"column":30},"end":{"line":219,"column":61}},{"start":{"line":219,"column":65},"end":{"line":219,"column":94}}]},"20":{"line":222,"type":"if","locations":[{"start":{"line":222,"column":1},"end":{"line":222,"column":1}},{"start":{"line":222,"column":1},"end":{"line":222,"column":1}}]},"21":{"line":233,"type":"if","locations":[{"start":{"line":233,"column":4},"end":{"line":233,"column":4}},{"start":{"line":233,"column":4},"end":{"line":233,"column":4}}]},"22":{"line":234,"type":"if","locations":[{"start":{"line":234,"column":5},"end":{"line":234,"column":5}},{"start":{"line":234,"column":5},"end":{"line":234,"column":5}}]},"23":{"line":234,"type":"binary-expr","locations":[{"start":{"line":234,"column":9},"end":{"line":234,"column":38}},{"start":{"line":234,"column":42},"end":{"line":234,"column":101}}]},"24":{"line":238,"type":"if","locations":[{"start":{"line":238,"column":11},"end":{"line":238,"column":11}},{"start":{"line":238,"column":11},"end":{"line":238,"column":11}}]},"25":{"line":239,"type":"if","locations":[{"start":{"line":239,"column":5},"end":{"line":239,"column":5}},{"start":{"line":239,"column":5},"end":{"line":239,"column":5}}]},"26":{"line":252,"type":"if","locations":[{"start":{"line":252,"column":4},"end":{"line":252,"column":4}},{"start":{"line":252,"column":4},"end":{"line":252,"column":4}}]},"27":{"line":252,"type":"binary-expr","locations":[{"start":{"line":252,"column":8},"end":{"line":252,"column":35}},{"start":{"line":252,"column":39},"end":{"line":252,"column":56}}]},"28":{"line":256,"type":"if","locations":[{"start":{"line":256,"column":4},"end":{"line":256,"column":4}},{"start":{"line":256,"column":4},"end":{"line":256,"column":4}}]},"29":{"line":285,"type":"if","locations":[{"start":{"line":285,"column":3},"end":{"line":285,"column":3}},{"start":{"line":285,"column":3},"end":{"line":285,"column":3}}]},"30":{"line":285,"type":"binary-expr","locations":[{"start":{"line":285,"column":7},"end":{"line":285,"column":18}},{"start":{"line":285,"column":22},"end":{"line":285,"column":32}}]},"31":{"line":289,"type":"binary-expr","locations":[{"start":{"line":289,"column":16},"end":{"line":289,"column":27}},{"start":{"line":289,"column":31},"end":{"line":289,"column":41}}]},"32":{"line
[...]
-npmtest-universal-webpack/node_modules/universal-webpack/es6/server.js","s":{"1":2,"2":2,"3":0,"4":0,"5":0,"6":0,"7":0,"8":0,"9":0,"10":0,"11":0,"12":0,"13":0,"14":1,"15":0,"16":1,"17":0,"18":0,"19":0,"20":0,"21":0,"22":0,"23":0,"24":0,"25":0,"26":0,"27":0,"28":0,"29":0,"30":0,"31":0,"32":0,"33":0,"34":0,"35":0,"36":0,"37":0},"b":{"1":[0,0],"2":[0,0],"3":[0,0],"4":[0,0],"5":[0,0],"6":[0,0],"7":[0,0],"8":[0,0]},"f":{"1":0,"2":0,"3":0,"4":0,"5":0,"6":0},"fnMap":{"1":{"name":"_interopRequireDefault","line":31,"loc":{"start":{"line":31,"column":0},"end":{"line":31,"column":37}}},"2":{"name":"server","line":33,"loc":{"start":{"line":33,"column":0},"end":{"line":33,"column":49}}},"3":{"name":"(anonymous_3)","line":46,"loc":{"start":{"line":46,"column":60},"end":{"line":46,"column":72}}},"4":{"name":"(anonymous_4)","line":48,"loc":{"start":{"line":48,"column":9},"end":{"line":48,"column":21}}},"5":{"name":"chunks","line":53,"loc":{"start":{"line":53,"column":11},"end":{"line":53,"column":29}}},"6":{"name":"(anonymous_6)","line":87,"loc":{"start":{"line":87,"column":10},"end":{"line":87,"column":27}}}},"statementMap":{"1":{"start":{"line":3,"column":0},"end":{"line":5,"column":3}},"2":{"start":{"line":7,"column":0},"end":{"line":7,"column":65}},"3":{"start":{"line":9,"column":0},"end":{"line":9,"column":53}},"4":{"start":{"line":11,"column":0},"end":{"line":11,"column":25}},"5":{"start":{"line":13,"column":0},"end":{"line":13,"column":28}},"6":{"start":{"line":15,"column":0},"end":{"line":15,"column":43}},"7":{"start":{"line":17,"column":0},"end":{"line":17,"column":24}},"8":{"start":{"line":19,"column":0},"end":{"line":19,"column":39}},"9":{"start":{"line":21,"column":0},"end":{"line":21,"column":28}},"10":{"start":{"line":23,"column":0},"end":{"line":23,"column":43}},"11":{"start":{"line":25,"column":0},"end":{"line":25,"column":46}},"12":{"start":{"line":27,"column":0},"end":{"line":27,"column":57}},"13":{"start":{"line":29,"column":0},"end":{"line":29,"column":34}},"14":{"start":{"line":31,"column":0},"end":{"line":31,"column":95}},"15":{"start":{"line":31,"column":39},"end":{"line":31,"column":93}},"16":{"start":{"line":33,"column":0},"end":{"line":100,"column":1}},"17":{"start":{"line":41,"column":1},"end":{"line":41,"column":121}},"18":{"start":{"line":43,"column":1},"end":{"line":43,"column":120}},"19":{"start":{"line":46,"column":1},"end":{"line":99,"column":4}},"20":{"start":{"line":47,"column":2},"end":{"line":47,"column":63}},"21":{"start":{"line":50,"column":2},"end":{"line":64,"column":4}},"22":{"start":{"line":57,"column":4},"end":{"line":59,"column":5}},"23":{"start":{"line":58,"column":5},"end":{"line":58,"column":53}},"24":{"start":{"line":62,"column":4},"end":{"line":62,"column":46}},"25":{"start":{"line":69,"column":2},"end":{"line":69,"column":44}},"26":{"start":{"line":73,"column":2},"end":{"line":75,"column":3}},"27":{"start":{"line":74,"column":3},"end":{"line":74,"column":30}},"28":{"start":{"line":77,"column":2},"end":{"line":79,"column":3}},"29":{"start":{"line":78,"column":3},"end":{"line":78,"column":38}},"30":{"start":{"line":81,"column":2},"end":{"line":81,"column":44}},"31":{"start":{"line":82,"column":2},"end":{"line":84,"column":3}},"32":{"start":{"line":83,"column":3},"end":{"line":83,"column":68}},"33":{"start":{"line":86,"column":2},"end":{"line":86,"column":135}},"34":{"start":{"line":89,"column":2},"end":{"line":89,"column":33}},"35":{"start":{"line":92,"column":2},"end":{"line":92,"column":47}},"36":{"start":{"line":95,"column":2},"end":{"line":95,"column":34}},"37":{"start":{"line":98,"column":2},"end":{"line":98,"column":18}}},"branchMap":{"1":{"line":31,"type":"cond-expr","locations":[{"start":{"line":31,"column":70},"end":{"line":31,"column":73}},{"start":{"line":31,"column":76},"end":{"line":31,"column":92}}]},"2":{"line":31,"type":"binary-expr","locations":[{"start":{"line":31,"column":46},"end":{"line":31,"column":49}},{"start":{"line":31,"column":53},"end":{"line":31,"column":67}}]},"3":{"line":41,"type":"binary-expr","locations":[{"start":{"line":41,"column":49},"end":{"line":41,"column":78}},{"start":{"line":41,"column":82},"end":{"line":41,"column":95}}]},"4":{"line":57,"type":"if","locations":[{"start":{"line":57,"column":4},"end":{"line":57,"column":4}},{"start":{"line":57,"column":4},"end":{"line":57,"column":4}}]},"5":{"line":73,"type":"if","locations":[{"start":{"line":73,"column":2},"end":{"line":73,"column":2}},{"start":{"line":73,"column":2},"end":{"line":73,"column":2}}]},"6":{"line":77,"type":"if","locations":[{"start":{"line":77,"column":2},"end":{"line":77,"column":2}},{"start":{"line":77,"column":2},"end":{"line":77,"column":2}}]},"7":{"line":82,"type":"if","locations":[{"start":{"line":82,"column":2},"end":{"line":82,"column":2}},{"start":{"line":82,"column":2},"end":{"line":82,"column":2}}]},"8":{"line":92,"type":"binary-expr","locations":[{"start":{"line":92,"column":24},"end":{"line":92,"column":35}},{"start":{"line":92,"column":39},"end":{"line":92,"column":44}}]}},"code":["'use strict';","","Object.defineProperty(exports, \"__esModule\", {","\tvalue: true","});","","var _stringify = require('babel-runtime/core-js/json/stringify');","","var _stringify2 = _interopRequireDefault(_stringify);","","exports.default = server;","","var _path = require('path');","","var _path2 = _interopRequireDefault(_path);","","var _fs = require('fs');","","var _fs2 = _interopRequireDefault(_fs);","","var _util = require('util');","","var _util2 = _interopRequireDefault(_util);","","var _waitForFile = require('./wait for file');","","var _waitForFile2 = _interopRequireDefault(_waitForFile);","","var _chunks = require('./chunks');","","function _interopRequireDefault(obj) { return obj && obj.__esModule ? obj : { default: obj }; }","","function server(webpack_configuration, settings) {","\t// if (!webpack_configuration.context)","\t// {","\t// \tthrow new Error(`You must set \"context\" parameter in your Webpack configuration`)","\t// }","","\t// Path to `build/server.js`","\t// (built by Webpack)","\tvar server_bundle_path = _path2.default.resolve(webpack_configuration.context || process.cwd(), settings.server.output);","","\tvar chunk_info_json_file_path = (0, _chunks.chunk_info_file_path)(webpack_configuration, settings.chunk_info_filename);","","\t// waits for the first Webpack server-side build to finish and produce `webpage_rendering_server.js`","\treturn (0, _waitForFile2.default)(server_bundle_path).then(function () {","\t\treturn (0, _waitForFile2.default)(chunk_info_json_file_path);","\t}).then(function () {","\t\t// Will be passed to the server code","\t\tvar additional = {","\t\t\tconfiguration: webpack_configuration,","","\t\t\tchunks: function chunks() {","\t\t\t\t// Just in case `nodemon` was not set up to watch and","\t\t\t\t// restart the Node.js process on bundle rebuild,","\t\t\t\t// clear Webpack require() cache for hot reload in development mode.","\t\t\t\tif (process.env.NODE_ENV !== 'production') {","\t\t\t\t\tdelete require.cache[chunk_info_json_file_path];","\t\t\t\t}","","\t\t\t\t// In production mode `require()` cache will be in effect","\t\t\t\treturn require(chunk_info_json_file_path);","\t\t\t}","\t\t};","","\t\t// Start webpage rendering server","\t\t// (this module will be compiled by Webpack server-side build from './source/server.js')","","\t\tvar starter = require(server_bundle_path);","","\t\t// Fixing Babel `module.exports.default` issues","","\t\tif (typeof starter === 'function') {","\t\t\treturn starter(additional);","\t\t}","","\t\tif (typeof starter.default === 'function') {","\t\t\treturn starter.default(additional);","\t\t}","","\t\tvar stringified_starter = String(starter);","\t\tif (stringified_starter === '[object Object]') {","\t\t\tstringified_starter = (0, _stringify2.default)(starter, null, 2);","\t\t}","","\t\tthrow new Error('[universal-webpack] Your server source file must export a function. ' + ('Got ' + _util2.default.inspect(starter)));","\t}).catch(function (error) {","\t\t// bright red color","\t\tconsole.log(\"\\x1b[1m\\x1b[31m\");","","\t\t// Output the error stack trace","\t\tconsole.error('\\n' + (error.stack || error));","","\t\t// reset color and brightness","\t\tconsole.log('\\x1b[39m\\x1b[22m');","","\t\t// exit with non-zero exit code (indicating that an error happened)","\t\tprocess.exit(1);","\t});","}","//# sourceMappingURL=server.js.map"],"l":{"3":2,"7":2,"9":0,"11":0,"13":0,"15":0,"17":0,"19":0,"21":0,"23":0,"25":0,"27":0,"29":0,"31":1,"33":1,"41":0,"43":0,"46":0,"47":0,"50":0,"57":0,"58":0,"62":0,"69":0,"73":0,"74":0,"77":0,"78":0,"81":0,"82":0,"83":0,"86":0,"89":0,"92":0,"95":0,"98":0}},"/home/travis/build/npmtest/node-npmtest-universal-webpack/node_modules/universal-webpack/es6/wait for file.js":{"path":"/home/travis/build/npmtest/node-npmtest-universal-webpack/node_modules/universal-webpack/es6/wait for file.js","s":{"1":2,"2":2,"3":0,"4":0,"5":0,"6":0,"7":0,"8":0,"9":0,"10":0,"11":0,"12":1,"13":0,"14":1,"15":0,"16":0,"17":0,"18":0,"19":0,"20":0,"21":0,"22":0,"23":0,"24":0,"25":0,"26":0,"27":0,"28":0,"29":0,"30":0,"31":0,"32":0,"33":0,"34":0,"35":0,"36":0,"37":0,"38":0,"39":0,"40":0,"41":0,"42":0,"43":0,"44":1,"45":0,"46":0,"47":0,"48":0,"49":0,"50":0,"51":1,"52":0,"53":0,"54":0},"b":{"1":[0,0],"2":[0,0],"3":[0,0,0,0,0,0],"4":[0,0],"5":[0,0],"6":[0,0],"7":[0,0]},"f":{"1":0,"2":0,"3":0,"4":0,"5":0,"6":0,"7":0,"8":0,"9":0,"10":0,"11":0,"12":0},"fnMap":{"1":{"name":"_interopRequireDefault","line":26,"loc":{"start":{"line":26,"column":0},"end":{"line":26,"column":37}}},"2":{"name":"wait_for_file","line":36,"loc":{"start":{"line":36,"column":0},"end":{"line":36,"column":29}}},"3":{"name":"(anonymous_3)","line":40,"loc":{"start":{"line":40,"column":30},"end":{"line":40,"column":49}}},"4":{"name":"_callee","line":47,"loc":{"start":{"line":47,"column":66},"end":{"line":47,"column":85}}},"5":{"name":"_callee$","line":49,"loc":{"start":{"line":49,"column":37},"end":{"line":49,"column":65}}},"6":{"name":"(anonymous_6)","line":90,"loc":{"start":{"line":90,"column":31},"end":{"line":90,"column":43}}},"7":{"name":"tick","line":103,"loc":{"start":{"line":103,"column":0},"end":{"line":103,"column":61}}},"8":{"name":"(anonymous_8)","line":104,"loc":{"start":{"line":104,"column":24},"end":{"line":104,"column":52}}},"9":{"name":"(anonymous_9)","line":111,"loc":{"start":{"line":111,"column":13},"end":{"line":111,"column":25}}},"10":{"name":"fs_exists","line":119,"loc":{"start":{"line":119,"column":0},"end":{"line":119,"column":25}}},"11":{"name":"(anonymous_11)","line":120,"loc":{"start":{"line":120,"column":30},"end":{"line":120,"column":57}}},"12":{"name":"(anonymous_12)","line":121,"loc":{"start":{"line":121,"column":28},"end":{"line":121,"column":46}}}},"statementMap":{"1":{"start":{"line":3,"column":0},"end":{"line":5,"column":3}},"2":{"start":{"line":7,"column":0},"end":{"line":7,"column":56}},"3":{"start":{"line":9,"column":0},"end":{"line":9,"column":57}},"4":{"start":{"line":11,"column":0},"end":{"line":11,"column":75}},"5":{"start":{"line":13,"column":0},"end":{"line":13,"column":68}},"6":{"start":{"line":15,"column":0},"end":{"line":15,"column":56}},"7":{"start":{"line":17,"column":0},"end":{"line":17,"column":49}},"8":{"start":{"line":19,"column":0},"end":{"line":19,"column":32}},"9":{"start":{"line":20,"column":0},"end":{"line":20,"column":30}},"10":{"start":{"line":22,"column":0},"end":{"line":22,"column":24}},"11":{"start":{"line":24,"column":0},"end":{"line":24,"column":39}},"12":{"start":{"line":26,"column":0},"end":{"line":26,"column":95}},"13":{"start":{"line":26,"column":39},"end":{"line":26,"column":93}},"14":{"start":{"line":36,"column":0},"end":{"line":101,"column":1}},"15":{"start":{"line":37,"column":1},"end":{"line":37,"column":18}},"16":{"start":{"line":40,"column":1},"end":{"line":100,"column":4}},"17":{"start":{"line":41,"column":2},"end":{"line":41,"column":26}},"18":{"start":{"line":44,"column":2},"end":{"line":44,"column":24}},"19":{"start":{"line":45,"column":2},"end":{"line":45,"column":30}},"20":{"start":{"line":47,"column":2},"end":{"line":99,"column":5}},"21":{"start":{"line":48,"column":3},"end":{"line":48,"column":24}},"22":{"start":{"line":49,"column":3},"end":{"line":89,"column":22}},"23":{"start":{"line":50,"column":4},"end":{"line":88,"column":5}},"24":{"start":{"line":51,"column":5},"end":{"line":87,"column":6}},"25":{"start":{"line":53,"column":7},"end":{"line":53,"column":25}},"26":{"start":{"line":54,"column":7},"end":{"line":54,"column":30}},"27":{"start":{"line":57,"column":7},"end":{"line":57,"column":30}},"28":{"start":{"line":59,"column":7},"end":{"line":62,"column":8}},"29":{"start":{"line":60,"column":8},"end":{"line":60,"column":26}},"30":{"start":{"line":61,"column":8},"end":{"line":61,"column":14}},"31":{"start":{"line":64,"column":7},"end":{"line":64,"column":47}},"32":{"start":{"line":70,"column":7},"end":{"line":70,"column":58}},"33":{"start":{"line":74,"column":7},"end":{"line":77,"column":8}},"34":{"start":{"line":75,"column":8},"end":{"line":75,"column":26}},"35":{"start":{"line":76,"column":8},"end":{"line":76,"column":14}},"36":{"start":{"line":79,"column":7},"end":{"line":79,"column":47}},"37":{"start":{"line":82,"column":7},"end":{"line":82,"column":46}},"38":{"start":{"line":86,"column":7},"end":{"line":86,"column":30}},"39":{"start":{"line":91,"column":3},"end":{"line":91,"column":34}},"40":{"start":{"line":93,"column":3},"end":{"line":98,"column":4}},"41":{"start":{"line":94,"column":4},"end":{"line":94,"column":22}},"42":{"start":{"line":96,"column":4},"end":{"line":96,"column":46}},"43":{"start":{"line":97,"column":4},"end":{"line":97,"column":57}},"44":{"start":{"line":103,"column":0},"end":{"line":115,"column":1}},"45":{"start":{"line":104,"column":1},"end":{"line":114,"column":4}},"46":{"start":{"line":105,"column":2},"end":{"line":107,"column":3}},"47":{"start":{"line":106,"column":3},"end":{"line":106,"column":17}},"48":{"start":{"line":109,"column":2},"end":{"line":109,"column":17}},"49":{"start":{"line":111,"column":2},"end":{"line":113,"column":15}},"50":{"start":{"line":112,"column":3},"end":{"line":112,"column":62}},"51":{"start":{"line":119,"column":0},"end":{"line":125,"column":1}},"52":{"start":{"line":120,"column":1},"end":{"line":124,"column":4}},"53":{"start":{"line":121,"column":2},"end":{"line":123,"column":5}},"54":{"start":{"line":122,"column":3},"end":{"line":122,"column":26}}},"branchMap":{"1":{"line":26,"type":"cond-expr","locations":[{"start":{"line":26,"column":70},"end":{"line":26,"column":73}},{"start":{"line":26,"column":76},"end":{"line":26,"column":92}}]},"2":{"line":26,"type":"binary-expr","locations":[{"start":{"line":26,"column":46},"end":{"line":26,"column":49}},{"start":{"line":26,"column":53},"end":{"line":26,"column":67}}]},"3":{"line":51,"type":"switch","locations":[{"start":{"line":52,"column":6},"end":{"line":54,"column":30}},{"start":{"line":56,"column":6},"end":{"line":64,"column":47}},{"start":{"line":66,"column":6},"end":{"line":79,"column":47}},{"start":{"line":81,"column":6},"end":{"line":82,"column":46}},{"start":{"line":84,"column":6},"end":{"line":84,"column":13}},{"start":{"line":85,"column":6},"end":{"line":86,"column":30}}]},"4":{"line":59,"type":"if","locations":[{"start":{"line":59,"column":7},"end":{"line":59,"column":7}},{"start":{"line":59,"column":7},"end":{"line":59,"column":7}}]},"5":{"line":74,"type":"if","locations":[{"start":{"line":74,"column":7},"end":{"line":74,"column":7}},{"start":{"line":74,"column":7},"end":{"line":74,"column":7}}]},"6":{"line":93,"type":"if","locations":[{"start":{"line":93,"column":3},"end":{"line":93,"column":3}},{"start":{"line":93,"column":3},"end":{"line":93,"column":3}}]},"7":{"line":105,"type":"if","locations":[{"start":{"line":105,"column":2},"end":{"line":105,"column":2}},{"start":{"line":105,"column":2},"end":{"line":105,"column":2}}]}},"code":["'use strict';","","Object.defineProperty(exports, \"__esModule\", {","\tvalue: true","});","","var _regenerator = require('babel-runtime/regenerator');","","var _regenerator2 = _interopRequireDefault(_regenerator);","","var _asyncToGenerator2 = require('babel-runtime/helpers/asyncToGenerator');","","var _asyncToGenerator3 = _interopRequireDefault(_asyncToGenerator2);","","var _promise = require('babel-runtime/core-js/promise');","","var _promise2 = _interopRequireDefault(_promise);","","exports.default = wait_for_file;","exports.fs_exists = fs_exists;","","var _fs = require('fs');","","var _fs2 = _interopRequireDefault(_fs);","","function _interopRequireDefault(obj) { return obj && obj.__esModule ? obj : { default: obj }; }","","// Waits for `build/server.js` to be created","// after Webpack build process finishes.","//","// The Promise is resolved when `build/server.js` has been found","// (this is needed for development because `webpack-dev-server`","//  and your Node.js application server are run in parallel,","//  and are restarted simultaneously).","//","function wait_for_file(path) {","\tvar _this = this;","","\t// waits for condition to be met, then resolves the promise","\treturn new _promise2.default(function (resolve) {","\t\tvar tick_interval = 300;","","\t\t// show the message not too often","\t\tvar message_timer = 0;","\t\tvar message_interval = 2000; // in milliseconds","","\t\ttick((0, _asyncToGenerator3.default)(_regenerator2.default.mark(function _callee() {","\t\t\tvar exists, contents;","\t\t\treturn _regenerator2.default.wrap(function _callee$(_context) {","\t\t\t\twhile (1) {","\t\t\t\t\tswitch (_context.prev = _context.next) {","\t\t\t\t\t\tcase 0:","\t\t\t\t\t\t\t_context.next = 2;","\t\t\t\t\t\t\treturn fs_exists(path);","","\t\t\t\t\t\tcase 2:","\t\t\t\t\t\t\texists = _context.sent;","","\t\t\t\t\t\t\tif (exists) {","\t\t\t\t\t\t\t\t_context.next = 5;","\t\t\t\t\t\t\t\tbreak;","\t\t\t\t\t\t\t}","","\t\t\t\t\t\t\treturn _context.abrupt('return', false);","","\t\t\t\t\t\tcase 5:","","\t\t\t\t\t\t\t// Check if the file contents have been written to disk","\t\t\t\t\t\t\t// https://github.com/halt-hammerzeit/universal-webpack/issues/24","\t\t\t\t\t\t\tcontents = _fs2.default.readFileSync(path, 'utf8');","","\t\t\t\t\t\t\t// Check if the file contents is empty","","\t\t\t\t\t\t\tif (contents) {","\t\t\t\t\t\t\t\t_context.next = 8;","\t\t\t\t\t\t\t\tbreak;","\t\t\t\t\t\t\t}","","\t\t\t\t\t\t\treturn _context.abrupt('return', false);","","\t\t\t\t\t\tcase 8:","\t\t\t\t\t\t\treturn _context.abrupt('return', true);","","\t\t\t\t\t\tcase 9:","\t\t\t\t\t\tcase 'end':","\t\t\t\t\t\t\treturn _context.stop();","\t\t\t\t\t}","\t\t\t\t}","\t\t\t}, _callee, _this);","\t\t})), tick_interval, resolve, function () {","\t\t\tmessage_timer += tick_interval;","","\t\t\tif (message_timer >= message_interval) {","\t\t\t\tmessage_timer = 0;","","\t\t\t\tconsole.log('(\"' + path + '\" not found)');","\t\t\t\tconsole.log('(waiting for Webpack build to finish)');","\t\t\t}","\t\t});","\t});","}","","function tick(check_condition, interval, done, not_done_yet) {","\tcheck_condition().then(function (condition_is_met) {","\t\tif (condition_is_met) {","\t\t\treturn done();","\t\t}","","\t\tnot_done_yet();","","\t\tsetTimeout(function () {","\t\t\treturn tick(check_condition, interval, done, not_done_yet);","\t\t}, interval);","\t});","}","","// Checks if a filesystem path exists.","// Returns a promise","function fs_exists(path) {","\treturn new _promise2.default(function (resolve, reject) {","\t\t_fs2.default.exists(path, function (exists) {","\t\t\treturn resolve(exists);","\t\t});","\t});","}","//# sourceMappingURL=wait for file.js.map"],"l":{"3":2,"7":2,"9":0,"11":0,"13":0,"15":0,"17":0,"19":0,"20":0,"22":0,"24":0,"26":1,"36":1,"37":0,"40":0,"41":0,"44":0,"45":0,"47":0,"48":0,"49":0,"50":0,"51":0,"53":0,"54":0,"57":0,"59":0,"60":0,"61":0,"64":0,"70":0,"74":0,"75":0,"76":0,"79":0,"82":0,"86":0,"91":0,"93":0,"94":0,"96":0,"97":0,"103":1,"104":0,"105":0,"106":0,"109":0,"111":0,"112":0,"119":1,"120":0,"121":0,"122":0}}}